#separator \x09
#set_separator	,
#empty_field	(empty)
#unset_field	-
#path	ocsp
#open	2023-04-10-09-33-00
#fields	ts	id	hashAlgorithm	issuerNameHash	issuerKeyHash	serialNumber	certStatus	revoketime	revokereason	thisUpdate	nextUpdate
#types	time	string	string	string	string	string	string	time	string	time	time
1679915522.640845	FEWnxT2f8sYN9ma1R2	sha1	C72E798ADDFF6134B3BAED4742B8BBC6C0240763	8A747FAF85CDEE95CD3D9CD0E24614F371351D27	9F745ADAD950AC1F121D53C904F3D7DA	good	-	-	1679818852.000000	1680420051.000000
1679915523.106226	FIW9P91F22KxrFGdnd	sha1	C72E798ADDFF6134B3BAED4742B8BBC6C0240763	8A747FAF85CDEE95CD3D9CD0E24614F371351D27	1E28928F53138DD70A73D36F20C58ED7	good	-	-	1679818822.000000	1680420021.000000
1679915524.144264	FTzJmw3gGcUSaNLIB8	sha1	C72E798ADDFF6134B3BAED4742B8BBC6C0240763	8A747FAF85CDEE95CD3D9CD0E24614F371351D27	9F745ADAD950AC1F121D53C904F3D7DA	good	-	-	1679818852.000000	1680420051.000000
1679915524.778654	FF8NNh2kZAs7pTcPIl	sha1	C72E798ADDFF6134B3BAED4742B8BBC6C0240763	8A747FAF85CDEE95CD3D9CD0E24614F371351D27	4851571D80125BF21290F95AAF281BEE	good	-	-	1679818851.000000	1680420050.000000
1679915524.853095	FheqTV3ixtLC0KWJs	sha1	C72E798ADDFF6134B3BAED4742B8BBC6C0240763	8A747FAF85CDEE95CD3D9CD0E24614F371351D27	4851571D80125BF21290F95AAF281BEE	good	-	-	1679818851.000000	1680420050.000000
1679915527.285910	FUhrVu461E0dXYmXBc	sha1	C72E798ADDFF6134B3BAED4742B8BBC6C0240763	8A747FAF85CDEE95CD3D9CD0E24614F371351D27	032B76D6AAC6DB830A2A09C20F18E0DC	good	-	-	1679818450.000000	1680419649.000000
1679915634.077236	FNBOA54WGOSOLnjx5h	sha1	C72E798ADDFF6134B3BAED4742B8BBC6C0240763	8A747FAF85CDEE95CD3D9CD0E24614F371351D27	B7C4DE6ECDBE662A0ADBA79728BBF7F5	good	-	-	1679818963.000000	1680420162.000000
1679915634.457231	FEdCL62UF3W0y34X8d	sha1	933232B4DE7362628418BEEE08CF27E7F4E24D74	587B8E752AFE6180AA904001AED6E807466E3F48	601162BCF0D07A51984710F5	good	-	-	1679896128.000000	1680241727.000000
1679915636.867406	F8Du4l3jJNeyW0ttTe	sha1	933232B4DE7362628418BEEE08CF27E7F4E24D74	587B8E752AFE6180AA904001AED6E807466E3F48	46919C5847E7E647BBC45939	good	-	-	1679898011.000000	1680243610.000000
1679915708.216069	FqfhHl4VP3fB8680pb	sha1	430BD20E4F137A1A6C918F24E5DA7E324D4733C8	8D8C5EC454AD8AE177E99BF99B05E1B8018D61E1	B4C7F3ED096F526FF75F9AB0E544DE01	good	-	-	1679876029.000000	1680480828.000000
1679915721.520536	FkXjJP2LkfUblm8UO	sha1	48DAC9A0FB2BD32D4FF0DE68D2F567B735F9B3C4	142EB317B75856CBAE500940E61FAF9D8B14C2C6	03BD858D874425363F726911B01C4948D405	good	-	-	1679882400.000000	1680487198.000000
1679915722.087534	FyYu8w1VfZkN9aMAv7	sha1	48DAC9A0FB2BD32D4FF0DE68D2F567B735F9B3C4	142EB317B75856CBAE500940E61FAF9D8B14C2C6	043EEA10912E1C79AA4EC95CC71F2BD3ABEC	good	-	-	1679684400.000000	1680289198.000000
1679915766.742518	FNeql13WUFHSQ1gA4i	sha1	48DAC9A0FB2BD32D4FF0DE68D2F567B735F9B3C4	142EB317B75856CBAE500940E61FAF9D8B14C2C6	045FEA1BCB0FDEE10F127AB444822633F9F2	good	-	-	1679839200.000000	1680443998.000000
1679915805.838972	FEk3GhMpJTrfr4CL2	sha1	33F5AAC61D66E7055D03173A4D1F3E187138850D	59A4660652A07B95923CA394072796745BF93DD0	0234649A234E07ED3B986AF3A75426DF	good	-	-	1679891941.000000	1680494041.000000
1679915805.956373	Fq33pb2ekdThrcKQJ8	sha1	33F5AAC61D66E7055D03173A4D1F3E187138850D	59A4660652A07B95923CA394072796745BF93DD0	0234649A234E07ED3B986AF3A75426DF	good	-	-	1679891941.000000	1680494041.000000
1679915806.023037	FJweC64aTXvfGGn7Fi	sha1	33F5AAC61D66E7055D03173A4D1F3E187138850D	59A4660652A07B95923CA394072796745BF93DD0	0234649A234E07ED3B986AF3A75426DF	good	-	-	1679891941.000000	1680494041.000000
1679915806.023083	FMUe2F4JZ0vV7inGMd	sha1	33F5AAC61D66E7055D03173A4D1F3E187138850D	59A4660652A07B95923CA394072796745BF93DD0	0234649A234E07ED3B986AF3A75426DF	good	-	-	1679891941.000000	1680494041.000000
1679915806.039367	FDzrfX3BSrhusVTQ3k	sha1	33F5AAC61D66E7055D03173A4D1F3E187138850D	59A4660652A07B95923CA394072796745BF93DD0	0234649A234E07ED3B986AF3A75426DF	good	-	-	1679891941.000000	1680494041.000000
1679915806.177431	FwWypk2NdSamwjIHc	sha1	C72E798ADDFF6134B3BAED4742B8BBC6C0240763	8A747FAF85CDEE95CD3D9CD0E24614F371351D27	28B4CE5449A7CF700A6421496ED39792	good	-	-	1679818851.000000	1680420050.000000
1679915807.851957	F6JvsbFQBuvGnfocj	sha1	777A7BA877D6F10F1CE9202196FB6B1A6E37F5ED	9058FFB09C75A8515477B1EDF2A34316389E6CC5	05F6D1AF3B612F7444DD0FBFF0DCBAA1	good	-	-	1679827142.000000	1680429242.000000
1679915807.851972	F3j2T41hrYFOiKFMs1	sha1	CF26F518FAC97E8F8CB342E01C2F6A109E8E5F0A	5168FF90AF0207753CCCD9656462A212B859723B	01FFEEDEA1E59DF442D07CF1ADA22444	good	-	-	1679890502.000000	1680492602.000000
1679915807.877277	F29MKA1WuHaXNZsHF9	sha1	3A1979741DCF77D3D6572B57CAFFF6F62B1D5A3A	EE9A2E46F0C2DA3C5CC78CD6A47598DEA8190A65	0C673E377885E4052335497A28F97F50	good	-	-	1679864222.000000	1680466322.000000
1679915807.886040	FKSUPw2wRJSqOjqfTb	sha1	CF26F518FAC97E8F8CB342E01C2F6A109E8E5F0A	5168FF90AF0207753CCCD9656462A212B859723B	01FFEEDEA1E59DF442D07CF1ADA22444	good	-	-	1679890502.000000	1680492602.000000
1679915807.886050	FjMSRE3NF5Jh3AdRXi	sha1	CF26F518FAC97E8F8CB342E01C2F6A109E8E5F0A	5168FF90AF0207753CCCD9656462A212B859723B	01FFEEDEA1E59DF442D07CF1ADA22444	good	-	-	1679890502.000000	1680492602.000000
1679915808.019732	Fou26w45TxpMk8g2Lc	sha1	D49294BE2B4A19852331FE698267BE94A9D8D4C5	26147EE0DCD7A6F7E2D40427DF61F1C2ECE732CA	4B3953BE3DB958026B7DDE94CF893A1B	good	-	-	1679895805.000000	1680500604.000000
1679915808.246340	FbcXgq3xTm2eouxkY1	sha1	A7C4B8B3DC5BB5581EA7D7F13AC569F56F48D789	748580C066C7DF37DECFBD2937AA031DBEEDCD17	06A818DE19039749F7360DA8D5B6A849	good	-	-	1679831102.000000	1680433202.000000
1679915808.248077	F1tzz32RW9wTR3mDTi	sha1	BABB5F7079F9DC72DA46CA44DDE0E6532D9A5F23	F2569B07860799537E122CF87D2FE6D526D89354	02A145867727DC26B053DDBD38EB33BE	good	-	-	1679894462.000000	1680496562.000000
1679915808.265912	FJI4wf2CldvJ33IfY9	sha1	2B1D1E98CCF37604D6C1C8BD15A224C804130038	0ABC0829178CA5396D7A0ECE33C72EB3EDFBC37A	0F0667342CAF0AAA8C475C2AD70C2F98	good	-	-	1679879342.000000	1680481442.000000
1679915808.313214	FC6ovu4AONqvGYK4z5	sha1	2B1D1E98CCF37604D6C1C8BD15A224C804130038	0ABC0829178CA5396D7A0ECE33C72EB3EDFBC37A	0F0667342CAF0AAA8C475C2AD70C2F98	good	-	-	1679879342.000000	1680481442.000000
1679915808.487956	Fa2H2n4ZjRidbW1GPf	sha1	2B1D1E98CCF37604D6C1C8BD15A224C804130038	0ABC0829178CA5396D7A0ECE33C72EB3EDFBC37A	0F0667342CAF0AAA8C475C2AD70C2F98	good	-	-	1679879342.000000	1680481442.000000
1679915808.494242	Fz08BK3zLDFWipUBF1	sha1	A17551059D2110D201B9081B73338F1C3CC7BD5F	81B80E638A891218E5FA3B3B50959FE6E5901385	0EC3FAA991876B55C1AAD9E87313C7C3	good	-	-	1679877902.000000	1680480002.000000
1679915808.592405	FbqKfcT8B5bIBTneb	sha1	E4E395A229D3D4C1C31FF0980C0B4EC0098AABD8	B76BA2EAA8AA848C79EAB4DA0F98B2C59576B9F4	0F7B7CC93FF8832F58CEF12C84B71E63	good	-	-	1679881862.000000	1680483962.000000
1679915808.609116	FAa4ZMOX7bMrWQQOa	sha1	E4E395A229D3D4C1C31FF0980C0B4EC0098AABD8	B76BA2EAA8AA848C79EAB4DA0F98B2C59576B9F4	0F7B7CC93FF8832F58CEF12C84B71E63	good	-	-	1679881862.000000	1680483962.000000
1679915809.190039	FBFoyD3nKpYRVwmI34	sha1	C72E798ADDFF6134B3BAED4742B8BBC6C0240763	8A747FAF85CDEE95CD3D9CD0E24614F371351D27	A64CD0792CFBF8190A2D434E9039257F	good	-	-	1679818822.000000	1680420021.000000
1679915809.845529	F4LRQ22kmjM8ov973	sha1	A7C4B8B3DC5BB5581EA7D7F13AC569F56F48D789	748580C066C7DF37DECFBD2937AA031DBEEDCD17	0C6797D8881708837F13880AAB499595	good	-	-	1679864222.000000	1680466322.000000
1679915813.776061	FoOUqT1NSMJLErqgg5	sha1	3A1979741DCF77D3D6572B57CAFFF6F62B1D5A3A	EE9A2E46F0C2DA3C5CC78CD6A47598DEA8190A65	0C673E377885E4052335497A28F97F50	good	-	-	1679864222.000000	1680466322.000000
1679915833.148200	FVjXIa47fV48deZuOe	sha1	48DAC9A0FB2BD32D4FF0DE68D2F567B735F9B3C4	142EB317B75856CBAE500940E61FAF9D8B14C2C6	04038178147C015CA02D72CAE22DCBF6A579	good	-	-	1679886000.000000	1680490798.000000
1679915836.743639	FljTMQn3yDJjujQT1	sha1	2B1D1E98CCF37604D6C1C8BD15A224C804130038	0ABC0829178CA5396D7A0ECE33C72EB3EDFBC37A	06805884A6A8137A5D9E996228A4FF2A	good	-	-	1679571182.000000	1680173282.000000
1679915837.582168	FgiZlv1Qud8bGfQo13	sha1	E4E395A229D3D4C1C31FF0980C0B4EC0098AABD8	B76BA2EAA8AA848C79EAB4DA0F98B2C59576B9F4	08AEB34B58F26C4559E796903E1590FA	good	-	-	1679842621.000000	1680444721.000000
1679915837.631648	FVBGuY1Py0hQH9Wvc	sha1	430BD20E4F137A1A6C918F24E5DA7E324D4733C8	8D8C5EC454AD8AE177E99BF99B05E1B8018D61E1	9F9825A104F9CE997BA3C91BD12AB1E5	good	-	-	1679852280.000000	1680457079.000000
1679915837.719383	FfLhHO3zLkNhEri1Je	sha1	A17551059D2110D201B9081B73338F1C3CC7BD5F	81B80E638A891218E5FA3B3B50959FE6E5901385	09D58D11B602189C08846F90868A3322	good	-	-	1679849462.000000	1680451562.000000
1679915837.797979	FaoeG43bWWwHndIYSg	sha1	2828E1C94506C213EDC35EAC058B3B41C4B61D87	0D98C0737FABBDBDD9474B49AD0A4A0CAC3EC77C	2DDAA6F359D4CE458FE983F1	good	-	-	1679897655.000000	1680243254.000000
1679915837.941664	FiMYaMlJdIheIhqv5	sha1	A17551059D2110D201B9081B73338F1C3CC7BD5F	81B80E638A891218E5FA3B3B50959FE6E5901385	0D8EE966259369A5BAE40F0A00074A5F	good	-	-	1679870702.000000	1680472802.000000
1679915838.141678	FG4oxI1J1vawuD4Fe4	sha1	A17551059D2110D201B9081B73338F1C3CC7BD5F	81B80E638A891218E5FA3B3B50959FE6E5901385	023F4F8786E0F03EFD5614A1DE19B177	good	-	-	1679891941.000000	1680494041.000000
1679915838.272468	FHLwt8IHlns6RPNJ3	sha1	A17551059D2110D201B9081B73338F1C3CC7BD5F	81B80E638A891218E5FA3B3B50959FE6E5901385	023F4F8786E0F03EFD5614A1DE19B177	good	-	-	1679891941.000000	1680494041.000000
1679915838.439704	Fu05wxyXfSlHfAxZk	sha1	A17551059D2110D201B9081B73338F1C3CC7BD5F	81B80E638A891218E5FA3B3B50959FE6E5901385	023F4F8786E0F03EFD5614A1DE19B177	good	-	-	1679891941.000000	1680494041.000000
1679915838.439727	F30VSw27XijhDybl43	sha1	A17551059D2110D201B9081B73338F1C3CC7BD5F	81B80E638A891218E5FA3B3B50959FE6E5901385	023F4F8786E0F03EFD5614A1DE19B177	good	-	-	1679891941.000000	1680494041.000000
1679915839.052437	F4tm4rZWIt7Z4FkJ8	sha1	2B1D1E98CCF37604D6C1C8BD15A224C804130038	0ABC0829178CA5396D7A0ECE33C72EB3EDFBC37A	06805884A6A8137A5D9E996228A4FF2A	good	-	-	1679571182.000000	1680173282.000000
1679915839.504283	F8DOuoVgBGkllL6Tj	sha1	85BE7D3DE1027E716193C16584CBE0573D9916F0	A3C85E6554E53078C105EA070A6A59CCB9FEDE5A	0C906CF58AFFF408FD7C712A888D1DA6	good	-	-	1679865302.000000	1680467402.000000
1679915841.421762	F2d3JA1l8DkUWF3wod	sha1	E4E395A229D3D4C1C31FF0980C0B4EC0098AABD8	B76BA2EAA8AA848C79EAB4DA0F98B2C59576B9F4	04630FAC0AD3C8AC44FF72DBB3673F4B	good	-	-	1679558942.000000	1680161042.000000
1679915841.425697	F2gAbuCCTAtTnym2b	sha1	E4E395A229D3D4C1C31FF0980C0B4EC0098AABD8	B76BA2EAA8AA848C79EAB4DA0F98B2C59576B9F4	04630FAC0AD3C8AC44FF72DBB3673F4B	good	-	-	1679472542.000000	1680074642.000000
1679915841.733792	FEfXJV28lYHnNIQCH5	sha1	2B1D1E98CCF37604D6C1C8BD15A224C804130038	0ABC0829178CA5396D7A0ECE33C72EB3EDFBC37A	06805884A6A8137A5D9E996228A4FF2A	good	-	-	1679657582.000000	1680259682.000000
1679915841.900250	FUrLS94NYhtMbrDWyh	sha1	E4E395A229D3D4C1C31FF0980C0B4EC0098AABD8	B76BA2EAA8AA848C79EAB4DA0F98B2C59576B9F4	04630FAC0AD3C8AC44FF72DBB3673F4B	good	-	-	1679558942.000000	1680161042.000000
1679915841.909190	FzvlbM3HHfA3rRyuR4	sha1	E4E395A229D3D4C1C31FF0980C0B4EC0098AABD8	B76BA2EAA8AA848C79EAB4DA0F98B2C59576B9F4	04630FAC0AD3C8AC44FF72DBB3673F4B	good	-	-	1679472542.000000	1680074642.000000
1679915842.130408	FM3OVht5S44Fd1sKl	sha1	8C0450EA53434941D65D1065376E4863D05A11AD	25E2180EB25791942AE5D45D869083DE53B3B892	9D290E9290B0F81112C92881E80DABF3	good	-	-	1679852887.000000	1680454086.000000
1679915842.156835	F89VmZ3WKYMnw3AbLj	sha1	8C0450EA53434941D65D1065376E4863D05A11AD	25E2180EB25791942AE5D45D869083DE53B3B892	9D290E9290B0F81112C92881E80DABF3	good	-	-	1679852887.000000	1680454086.000000
1679915842.295597	FEB2mp1XTYyS24HUBk	sha1	A17551059D2110D201B9081B73338F1C3CC7BD5F	81B80E638A891218E5FA3B3B50959FE6E5901385	0D02341C6E2594733EF782B0486FCED7	good	-	-	1679867822.000000	1680469922.000000
1679915842.321143	FIDpSLS2nALelm099	sha1	A17551059D2110D201B9081B73338F1C3CC7BD5F	81B80E638A891218E5FA3B3B50959FE6E5901385	0D02341C6E2594733EF782B0486FCED7	good	-	-	1679867822.000000	1680469922.000000
1679915856.065458	FRxFj51iHzy2kyhOo4	sha1	E4E395A229D3D4C1C31FF0980C0B4EC0098AABD8	B76BA2EAA8AA848C79EAB4DA0F98B2C59576B9F4	09DE5E5603F1C99BE9D76A1E63FD7E99	good	-	-	1679849462.000000	1680451562.000000
1679915857.035034	FVt2E27qkDlkI3LW7	sha1	A17551059D2110D201B9081B73338F1C3CC7BD5F	81B80E638A891218E5FA3B3B50959FE6E5901385	056FD98B0FA23F1F6A5A41CDEDAF6A2D	good	-	-	1679823902.000000	1680426002.000000
1679915858.541298	FR9sssW6202NGwmr5	sha1	E4E395A229D3D4C1C31FF0980C0B4EC0098AABD8	B76BA2EAA8AA848C79EAB4DA0F98B2C59576B9F4	020D2A15E718133C9A9A592E1A84D87D	good	-	-	1679890862.000000	1680492962.000000
1679915858.667042	FXmZGL1jbs5ZEna9Tb	sha1	E4E395A229D3D4C1C31FF0980C0B4EC0098AABD8	B76BA2EAA8AA848C79EAB4DA0F98B2C59576B9F4	020D2A15E718133C9A9A592E1A84D87D	good	-	-	1679890862.000000	1680492962.000000
1679915858.984274	F1HIQM2jAk7Bg0MR6	sha1	B9637A21B0602B5F790A8E22BF731357C5301394	8868D91F11C40E1F9B89E0A042775FC3798EC36E	018D9E24CAFAF534E1C27E385F6C585B	good	-	-	1679900400.000000	1679943600.000000
1679915871.011216	FyJAm23yTGcpqGVcmj	sha1	E4E395A229D3D4C1C31FF0980C0B4EC0098AABD8	B76BA2EAA8AA848C79EAB4DA0F98B2C59576B9F4	04630FAC0AD3C8AC44FF72DBB3673F4B	good	-	-	1679558942.000000	1680161042.000000
1679915871.087745	FqJbrygf1ZNNeS5uk	sha1	E4E395A229D3D4C1C31FF0980C0B4EC0098AABD8	B76BA2EAA8AA848C79EAB4DA0F98B2C59576B9F4	0CD22A9B6F86685C603E5F96BAC49FE5	good	-	-	1679693941.000000	1680296041.000000
1679915871.165580	FqNYqn4ysxoGB3QxQj	sha1	7239BDE83E9709DD71D98312427F1FAE65B0BF6C	C7B29C7F1CE3B85AEFE9681AA85D94C126526A68	33007B88A771AE3198D0CE17570000007B88A7	good	-	-	1679681374.000000	1680007823.000000
1679915871.172705	FOYSTjvIu1p0nWdl8	sha1	C68888133D2295AE3ABEF118877F8A00BA434E3E	0F205DD7A15795DB92CF2BD0C7C27704CE728076	33009FF0D9516BA518269797FA0000009FF0D9	good	-	-	1679642013.000000	1680180615.000000
1679915871.574981	FAFXVgjfi3i43PRC8	sha1	E4E395A229D3D4C1C31FF0980C0B4EC0098AABD8	B76BA2EAA8AA848C79EAB4DA0F98B2C59576B9F4	04630FAC0AD3C8AC44FF72DBB3673F4B	good	-	-	1679558942.000000	1680161042.000000
1679915871.726948	FbHCs41aayhudKpf16	sha1	C68888133D2295AE3ABEF118877F8A00BA434E3E	0F205DD7A15795DB92CF2BD0C7C27704CE728076	33009FF0D9516BA518269797FA0000009FF0D9	good	-	-	1679555613.000000	1680007810.000000
1679915872.612333	FGETwq2yiYtbZGJCOd	sha1	7239BDE83E9709DD71D98312427F1FAE65B0BF6C	C7B29C7F1CE3B85AEFE9681AA85D94C126526A68	33007B88A771AE3198D0CE17570000007B88A7	good	-	-	1679594974.000000	1680007823.000000
1679915872.894008	Fw9wgv4gOKfebBcTOi	sha1	C68888133D2295AE3ABEF118877F8A00BA434E3E	0F205DD7A15795DB92CF2BD0C7C27704CE728076	33008ACA7FA05855980C79739D0000008ACA7F	good	-	-	1679512414.000000	1680007812.000000
1679915873.056776	Funcif3Umspla7fb3f	sha1	52FECA108DB4E5AB5268930D27C82FF215E24BB5	00AB91FC216226979AA8791B61419060A96267FD	33004FF8569C568B3D2B80EB6B0000004FF856	good	-	-	1679843649.000000	1680353416.000000
1679915873.064880	Ffem7c19Z1M9B7wica	sha1	52FECA108DB4E5AB5268930D27C82FF215E24BB5	00AB91FC216226979AA8791B61419060A96267FD	33004FF8569C568B3D2B80EB6B0000004FF856	good	-	-	1679843649.000000	1680353416.000000
1679915873.749941	FrBBwi3AjyW0o05bM4	sha1	52FECA108DB4E5AB5268930D27C82FF215E24BB5	00AB91FC216226979AA8791B61419060A96267FD	3300989F43920D2CDD1728CF14000000989F43	good	-	-	1679584449.000000	1680180616.000000
1679915873.779486	FIJ1xF4CFGUGEal1el	sha1	52FECA108DB4E5AB5268930D27C82FF215E24BB5	00AB91FC216226979AA8791B61419060A96267FD	3300989F43920D2CDD1728CF14000000989F43	good	-	-	1679584449.000000	1680180616.000000
1679915874.009596	F4GZKCsIECAO5v2e2	sha1	52FECA108DB4E5AB5268930D27C82FF215E24BB5	00AB91FC216226979AA8791B61419060A96267FD	3300989F43920D2CDD1728CF14000000989F43	good	-	-	1679584449.000000	1680180616.000000
1679915875.071657	FonN3L1Rkc9O1Yij5i	sha1	4A500276EE3C71BB2D7362DA541DF2F2D0C1C7BA	CACE1D1803771E1CF37C58B29A70A8088016F4AE	0780D9DCA9C58037C934DD97881DFE06AC016A	good	-	-	1679854561.000000	1680200161.000000
1679915875.286251	FuVswx3E6Q0UEwqEU2	sha1	4A500276EE3C71BB2D7362DA541DF2F2D0C1C7BA	CACE1D1803771E1CF37C58B29A70A8088016F4AE	076B8544595E6C70C54DE91093868FAF7FE8E3	good	-	-	1679871863.000000	1680217463.000000
1679915875.828083	FgGMrs4h8u7wW6mybd	sha1	C68888133D2295AE3ABEF118877F8A00BA434E3E	0F205DD7A15795DB92CF2BD0C7C27704CE728076	33004C68509C21F64B93190B040000004C6850	good	-	-	1679498014.000000	1680007812.000000
1679915876.466002	F0adR43k1GV03qlkPg	sha1	A303C0A8887BD479C4278EB5D7587D3C12C04DA4	FF2F7FE106F438F32DED258D98C2FE0EF66CFCFA	2D0032787213FA84AE5320170C000000327872	good	-	-	1679684404.000000	1680030003.000000
1679915877.898831	FPzGUg3eG4pmhXUfjj	sha1	0DD55A225F8D2354E325761EEE0D3862F43A9E7B	D5C1673AC2A39DF477525B59123829E65568BBA5	330083EC04C157B23156B4183D00000083EC04	good	-	-	1679767702.000000	1680353415.000000
1679915877.930731	FKb3np2dtrIpVWDzW9	sha1	0DD55A225F8D2354E325761EEE0D3862F43A9E7B	D5C1673AC2A39DF477525B59123829E65568BBA5	330083EC04C157B23156B4183D00000083EC04	good	-	-	1679580502.000000	1680007815.000000
1679915878.660278	FZEFz51rSOTH00zpA8	sha1	C68888133D2295AE3ABEF118877F8A00BA434E3E	0F205DD7A15795DB92CF2BD0C7C27704CE728076	33008ACA7FA05855980C79739D0000008ACA7F	good	-	-	1679512414.000000	1680007812.000000
1679915879.725083	FAXJGN1vOQ7YAoLppg	sha1	52FECA108DB4E5AB5268930D27C82FF215E24BB5	00AB91FC216226979AA8791B61419060A96267FD	3300989F43920D2CDD1728CF14000000989F43	good	-	-	1679584449.000000	1680180616.000000
1679915885.084585	FiLDi92EYhI9a0Wrp5	sha1	430BD20E4F137A1A6C918F24E5DA7E324D4733C8	8D8C5EC454AD8AE177E99BF99B05E1B8018D61E1	ED305DEF51171EBA42E438600976D82B	good	-	-	1679616383.000000	1680221182.000000
1679915886.923058	F7pR0w19hkN9sY7Bye	sha1	FCA79E4B4655FEBDE338A03973848867019FEDDB	3A0A8C1C775929EA16F6993FA317B3DF2911933A	9027E6F5F4F0554BB3482B73A177E5E7	good	-	-	1679795941.000000	1680400740.000000
1679915887.955029	FqHeGR3JC3JS0uNBz9	sha1	48DAC9A0FB2BD32D4FF0DE68D2F567B735F9B3C4	142EB317B75856CBAE500940E61FAF9D8B14C2C6	033DFC94421616F8FA295840A6C69C81F24D	good	-	-	1679716800.000000	1680321598.000000
1679915888.643082	FhODja4DAvjEB02u8	sha1	3A1979741DCF77D3D6572B57CAFFF6F62B1D5A3A	EE9A2E46F0C2DA3C5CC78CD6A47598DEA8190A65	0C673E377885E4052335497A28F97F50	good	-	-	1679864222.000000	1680466322.000000
1679915888.686035	FuZDYX108MFjPENX9d	sha1	3A1979741DCF77D3D6572B57CAFFF6F62B1D5A3A	EE9A2E46F0C2DA3C5CC78CD6A47598DEA8190A65	0C673E377885E4052335497A28F97F50	good	-	-	1679864222.000000	1680466322.000000
1679915888.812919	F1waGS2NECQtU8Q4j5	sha1	3A1979741DCF77D3D6572B57CAFFF6F62B1D5A3A	EE9A2E46F0C2DA3C5CC78CD6A47598DEA8190A65	0C673E377885E4052335497A28F97F50	good	-	-	1679864222.000000	1680466322.000000
1679915888.812937	FWrgFE1Hpj9rWURBCb	sha1	3A1979741DCF77D3D6572B57CAFFF6F62B1D5A3A	EE9A2E46F0C2DA3C5CC78CD6A47598DEA8190A65	0C673E377885E4052335497A28F97F50	good	-	-	1679864222.000000	1680466322.000000
1679915888.921050	FwezcF4HjzG6l374ci	sha1	666D0B709C89E4BE4BEBEC134547E4B695360F8C	C03152CD5A50C3827C7471CECBE99CF97AEB82E2	019408B4917B90E039D68B03E16AF69A	good	-	-	1679888341.000000	1680490441.000000
1679915889.098791	Ftuobr1rYkbIa9uxSg	sha1	666D0B709C89E4BE4BEBEC134547E4B695360F8C	C03152CD5A50C3827C7471CECBE99CF97AEB82E2	019408B4917B90E039D68B03E16AF69A	good	-	-	1679888341.000000	1680490441.000000
1679915889.135180	FpMAJB1zZHxNWhe25d	sha1	253B2763B69868D3E868968EFBCC68C6C444D411	F09C85FDA29F7D8FC968BBD5D4894D1DBED390FF	0FB6EA64E47018A7681B8975F65F486F	good	-	-	1679883302.000000	1680485402.000000
1679915889.779541	FEwNrq4qXgvwMAfmhl	sha1	B6080D5F6C6B76EB13E438A5F8660BA85233344E	40C2BD278ECC348330A233D7FB6CB3F0B42C80CE	E2DC0E78F8EFF9A9	good	-	-	1679851723.000000	1679981323.000000
1679915890.210551	F3fSiy4ZMg6dLlabk7	sha1	2B1D1E98CCF37604D6C1C8BD15A224C804130038	0ABC0829178CA5396D7A0ECE33C72EB3EDFBC37A	0537994279955361F44509FD5FA94BA0	good	-	-	1679822821.000000	1680424921.000000
1679915890.210599	F3FXVG20bLzcR0Tth5	sha1	48DAC9A0FB2BD32D4FF0DE68D2F567B735F9B3C4	142EB317B75856CBAE500940E61FAF9D8B14C2C6	04BD1DC2BCDF2B20AC15DE054735600624F5	good	-	-	1679727600.000000	1680332398.000000
1679915890.290710	FZA1Ao3yI7JIoPEUX4	sha1	430BD20E4F137A1A6C918F24E5DA7E324D4733C8	8D8C5EC454AD8AE177E99BF99B05E1B8018D61E1	C60B6F3B00091EC7B8D28C1D60C86FB1	good	-	-	1679719529.000000	1680324328.000000
1679915890.326853	FjTQve1bdqeVskzl48	sha1	A17551059D2110D201B9081B73338F1C3CC7BD5F	81B80E638A891218E5FA3B3B50959FE6E5901385	0CC28460B1FE7126F5754F3068F7E535	good	-	-	1679866381.000000	1680468481.000000
1679915890.410628	FiW3eV3XWqRcBuD0tk	sha1	E4E395A229D3D4C1C31FF0980C0B4EC0098AABD8	B76BA2EAA8AA848C79EAB4DA0F98B2C59576B9F4	04BA9602B3EB5B1B401BF686F7DC73C4	good	-	-	1679560742.000000	1680162842.000000
1679915890.782447	F9sQUISbLVO1ptjWb	sha1	253B2763B69868D3E868968EFBCC68C6C444D411	F09C85FDA29F7D8FC968BBD5D4894D1DBED390FF	0256CD5F6F0BFBB1DFC1723A0E199687	good	-	-	1679892662.000000	1680494762.000000
1679915890.801681	FOZpx62LtncdNW9O0i	sha1	253B2763B69868D3E868968EFBCC68C6C444D411	F09C85FDA29F7D8FC968BBD5D4894D1DBED390FF	0256CD5F6F0BFBB1DFC1723A0E199687	good	-	-	1679892662.000000	1680494762.000000
1679915890.832707	F7ERqy2quLsEXcLOcl	sha1	253B2763B69868D3E868968EFBCC68C6C444D411	F09C85FDA29F7D8FC968BBD5D4894D1DBED390FF	0256CD5F6F0BFBB1DFC1723A0E199687	good	-	-	1679892662.000000	1680494762.000000
1679915890.920243	FoUxhQ22Av6jppxhz9	sha1	666D0B709C89E4BE4BEBEC134547E4B695360F8C	C03152CD5A50C3827C7471CECBE99CF97AEB82E2	08AB5C8253F11A96F684310896BC4DD5	good	-	-	1679842621.000000	1680444721.000000
1679915891.076956	FDpaAV2ALIp6HqVCR3	sha1	666D0B709C89E4BE4BEBEC134547E4B695360F8C	C03152CD5A50C3827C7471CECBE99CF97AEB82E2	08AB5C8253F11A96F684310896BC4DD5	good	-	-	1679842621.000000	1680444721.000000
1679915891.199457	FVfYoR3BbkGAAvxcda	sha1	E4E395A229D3D4C1C31FF0980C0B4EC0098AABD8	B76BA2EAA8AA848C79EAB4DA0F98B2C59576B9F4	04630FAC0AD3C8AC44FF72DBB3673F4B	good	-	-	1679558942.000000	1680161042.000000
1679915891.345317	FrFdWB4IkpWYE8nvBb	sha1	430BD20E4F137A1A6C918F24E5DA7E324D4733C8	8D8C5EC454AD8AE177E99BF99B05E1B8018D61E1	4776652FB5B523900A0858474F13388E	good	-	-	1679698610.000000	1680303409.000000
1679915891.652120	FjtXDG489BlM8JRlr9	sha1	666D0B709C89E4BE4BEBEC134547E4B695360F8C	C03152CD5A50C3827C7471CECBE99CF97AEB82E2	08AB5C8253F11A96F684310896BC4DD5	good	-	-	1679842621.000000	1680444721.000000
1679915891.652164	FgTtau4wYxjpGGrl44	sha1	666D0B709C89E4BE4BEBEC134547E4B695360F8C	C03152CD5A50C3827C7471CECBE99CF97AEB82E2	08AB5C8253F11A96F684310896BC4DD5	good	-	-	1679842621.000000	1680444721.000000
1679915892.172177	F6IWz03U8EUKntYBah	sha1	8C0450EA53434941D65D1065376E4863D05A11AD	25E2180EB25791942AE5D45D869083DE53B3B892	C67643A7AD960CBE10CB9EA784DE90A9	good	-	-	1679881870.000000	1680483069.000000
1679915892.261146	FCuF9232FPtgNELcU3	sha1	48DAC9A0FB2BD32D4FF0DE68D2F567B735F9B3C4	142EB317B75856CBAE500940E61FAF9D8B14C2C6	03EAF800A09A5B4377DC2EA409C00535F28E	good	-	-	1679882400.000000	1680487198.000000
1679915892.396114	F1G5zU2nDzQZBfB0p4	sha1	B6080D5F6C6B76EB13E438A5F8660BA85233344E	40C2BD278ECC348330A233D7FB6CB3F0B42C80CE	0C09BEA9D05604AC	good	-	-	1679859571.000000	1679989171.000000
1679915892.433956	Fld8Bo4TDLiAX5DqCk	sha1	430BD20E4F137A1A6C918F24E5DA7E324D4733C8	8D8C5EC454AD8AE177E99BF99B05E1B8018D61E1	B59FDC338A347CE1C2818F64CEB90869	good	-	-	1679849398.000000	1680454197.000000
1679915892.650182	FrbiV04e0A8IWZOHyc	sha1	430BD20E4F137A1A6C918F24E5DA7E324D4733C8	8D8C5EC454AD8AE177E99BF99B05E1B8018D61E1	47C9759900B3688F191A25D4472423AE	good	-	-	1679689237.000000	1680294036.000000
1679915892.839291	FaWYrK2bDqg2q1ouD1	sha1	B6080D5F6C6B76EB13E438A5F8660BA85233344E	40C2BD278ECC348330A233D7FB6CB3F0B42C80CE	0C09BEA9D05604AC	good	-	-	1679859571.000000	1679989171.000000
1679915892.900914	FUZAAF3Ow6d3skqIT5	sha1	A17551059D2110D201B9081B73338F1C3CC7BD5F	81B80E638A891218E5FA3B3B50959FE6E5901385	05AB779356FAD0B118A3545077F72E45	good	-	-	1679825341.000000	1680427441.000000
1679915893.051897	FY1CCF41NQUMsT0X3l	sha1	A17551059D2110D201B9081B73338F1C3CC7BD5F	81B80E638A891218E5FA3B3B50959FE6E5901385	05AB779356FAD0B118A3545077F72E45	good	-	-	1679825341.000000	1680427441.000000
1679915893.996220	F8tIsj2Azl8GWTaJAg	sha1	666D0B709C89E4BE4BEBEC134547E4B695360F8C	C03152CD5A50C3827C7471CECBE99CF97AEB82E2	0959661BA70F9530C64551E0F54E9B0B	good	-	-	1679846582.000000	1680448682.000000
1679915894.260908	FJYA0D31bcVj5Ew241	sha1	85BE7D3DE1027E716193C16584CBE0573D9916F0	A3C85E6554E53078C105EA070A6A59CCB9FEDE5A	09ED62D8AC42FBE23411A6DDA912F8B6	good	-	-	1679849821.000000	1680451921.000000
1679915894.332833	Fqy9cv2eZ1CiSG7lY7	sha1	85BE7D3DE1027E716193C16584CBE0573D9916F0	A3C85E6554E53078C105EA070A6A59CCB9FEDE5A	09ED62D8AC42FBE23411A6DDA912F8B6	good	-	-	1679849821.000000	1680451921.000000
1679915895.654876	FsGBJy8TmewITScqb	sha1	48DAC9A0FB2BD32D4FF0DE68D2F567B735F9B3C4	142EB317B75856CBAE500940E61FAF9D8B14C2C6	0464298C7CCFB02B797D0425C27CA1BC1E0A	good	-	-	1679670000.000000	1680274798.000000
1679915895.908895	FYFpox3RabQCSKhzf4	sha1	A7C4B8B3DC5BB5581EA7D7F13AC569F56F48D789	748580C066C7DF37DECFBD2937AA031DBEEDCD17	0811C1A62FDF54D537C1AEBD3DF75655	good	-	-	1679839382.000000	1680441482.000000
1679915896.931250	FddRiA1h0eqZ9O17ea	sha1	48DAC9A0FB2BD32D4FF0DE68D2F567B735F9B3C4	142EB317B75856CBAE500940E61FAF9D8B14C2C6	03161A2C7C267BF79302ADF15CF9A072F104	good	-	-	1679716800.000000	1680321598.000000
1679915899.058562	FuTbgM3RLI893gSQ2i	sha1	E4E395A229D3D4C1C31FF0980C0B4EC0098AABD8	B76BA2EAA8AA848C79EAB4DA0F98B2C59576B9F4	07F6F044EE5B7B9730AD97EB48DAFC05	good	-	-	1679838662.000000	1680440762.000000
1679915899.832293	FHtFDVg4TsQyKzrWb	sha1	3A1979741DCF77D3D6572B57CAFFF6F62B1D5A3A	EE9A2E46F0C2DA3C5CC78CD6A47598DEA8190A65	0C673E377885E4052335497A28F97F50	good	-	-	1679864222.000000	1680466322.000000
1679915900.595270	FNljjz4TykCyOCUeI6	sha1	430BD20E4F137A1A6C918F24E5DA7E324D4733C8	8D8C5EC454AD8AE177E99BF99B05E1B8018D61E1	64F6E44565606011CCF879757775CD28	good	-	-	1679746317.000000	1680351116.000000
1679915900.761719	FHtmNY366BNNUN2MU8	sha1	2B1D1E98CCF37604D6C1C8BD15A224C804130038	0ABC0829178CA5396D7A0ECE33C72EB3EDFBC37A	07D9097CBD6D9DF1507AC1D13F6804C1	good	-	-	1679837941.000000	1680440041.000000
1679915901.728755	F3pmpnetbI6VtVlhb	sha1	8C0450EA53434941D65D1065376E4863D05A11AD	25E2180EB25791942AE5D45D869083DE53B3B892	9D2BE0A82A49FB3509FA3C504D00E7E7	good	-	-	1679836972.000000	1680438171.000000
1679915901.728771	FFYmpF1XcZSdrn0Ir4	sha1	8C0450EA53434941D65D1065376E4863D05A11AD	25E2180EB25791942AE5D45D869083DE53B3B892	9D2BE0A82A49FB3509FA3C504D00E7E7	good	-	-	1679836972.000000	1680438171.000000
1679915908.922477	FsdWLq4S0Loi7ACbZb	sha1	BA14A9AB8164C6AFB43C9D29383AE6F9D257ABE9	944FD45D8BE4A4E2A680FEFDD8F900EFA3BE0257	0ECC1B75B087F70C5C05525B920CF3E6	good	-	-	1679359501.000000	1679961601.000000
1679915909.117469	Fy7x8x1S8A7aMQkwAi	sha1	666D0B709C89E4BE4BEBEC134547E4B695360F8C	C03152CD5A50C3827C7471CECBE99CF97AEB82E2	09BE22AAB9111C438BDB6144D79E5579	good	-	-	1679848741.000000	1680450841.000000
1679915909.400411	FJ8sui4Z4dSgs4e7kg	sha1	A17551059D2110D201B9081B73338F1C3CC7BD5F	81B80E638A891218E5FA3B3B50959FE6E5901385	0AE581EE151968F31069684541597B81	good	-	-	1679855581.000000	1680457681.000000
1679915910.344924	Ff1G9440Oo4OdGVNs1	sha1	2B1D1E98CCF37604D6C1C8BD15A224C804130038	0ABC0829178CA5396D7A0ECE33C72EB3EDFBC37A	0456B8D773BE61E012B11D59BFDFC132	good	-	-	1679817781.000000	1680419881.000000
1679915910.622146	FJVEqB19cxfBZHqSh7	sha1	3A1979741DCF77D3D6572B57CAFFF6F62B1D5A3A	EE9A2E46F0C2DA3C5CC78CD6A47598DEA8190A65	0C673E377885E4052335497A28F97F50	good	-	-	1679864222.000000	1680466322.000000
1679915911.804434	F0aF4baQAsjfO8mwc	sha1	3A1979741DCF77D3D6572B57CAFFF6F62B1D5A3A	EE9A2E46F0C2DA3C5CC78CD6A47598DEA8190A65	0C673E377885E4052335497A28F97F50	good	-	-	1679864222.000000	1680466322.000000
1679915911.824057	F2XVM23WL8m2CWM35g	sha1	3A1979741DCF77D3D6572B57CAFFF6F62B1D5A3A	EE9A2E46F0C2DA3C5CC78CD6A47598DEA8190A65	0C673E377885E4052335497A28F97F50	good	-	-	1679864222.000000	1680466322.000000
1679915911.834229	FS5yIZ2QU27XHjTPz	sha1	48DAC9A0FB2BD32D4FF0DE68D2F567B735F9B3C4	142EB317B75856CBAE500940E61FAF9D8B14C2C6	044F77BA82E670174C33AB0766BDD9E9D225	good	-	-	1679727600.000000	1680332398.000000
1679915911.899045	FZvGDd3CwZabvhkLh7	sha1	A17551059D2110D201B9081B73338F1C3CC7BD5F	81B80E638A891218E5FA3B3B50959FE6E5901385	0552465C23ABF0B6B1E39C4257E5D1D3	good	-	-	1679823542.000000	1680425642.000000
1679915911.987927	FmAD8h2cUzQvLTtCkf	sha1	2B1D1E98CCF37604D6C1C8BD15A224C804130038	0ABC0829178CA5396D7A0ECE33C72EB3EDFBC37A	02667181722427294C60F5EA857F8A04	good	-	-	1679893021.000000	1680495121.000000
1679915912.306655	F2TZLH25JMZV1iQRa9	sha1	E4E395A229D3D4C1C31FF0980C0B4EC0098AABD8	B76BA2EAA8AA848C79EAB4DA0F98B2C59576B9F4	021CBC870C0CFAF91B500DE926D40C87	good	-	-	1679545622.000000	1680147722.000000
1679915912.308724	FbjBJR3obq3mkNl5Ne	sha1	E4E395A229D3D4C1C31FF0980C0B4EC0098AABD8	B76BA2EAA8AA848C79EAB4DA0F98B2C59576B9F4	05F19A9350D8CCA84297FD66F8F46A7A	good	-	-	1679827142.000000	1680429242.000000
1679915912.372187	FUfd2P3TW3sUq8QpH	sha1	CF26F518FAC97E8F8CB342E01C2F6A109E8E5F0A	5168FF90AF0207753CCCD9656462A212B859723B	042E3962BD28C16B836B3B99BA3F1313	good	-	-	1679816702.000000	1680418802.000000
1679915912.496490	FnE6Vx8SLCvpKWFD1	sha1	B6080D5F6C6B76EB13E438A5F8660BA85233344E	40C2BD278ECC348330A233D7FB6CB3F0B42C80CE	9BC2C8C87BE468DB	good	-	-	1679853294.000000	1679982894.000000
1679915912.832098	FjBorZskRtAKWOW9i	sha1	E4E395A229D3D4C1C31FF0980C0B4EC0098AABD8	B76BA2EAA8AA848C79EAB4DA0F98B2C59576B9F4	0F793A4D069AB15D0BC00986B3D86F71	good	-	-	1679881862.000000	1680483962.000000
1679915912.850911	FSBrBw1oOXoMfUcc3d	sha1	48DAC9A0FB2BD32D4FF0DE68D2F567B735F9B3C4	142EB317B75856CBAE500940E61FAF9D8B14C2C6	04EFCDECB3122159B19293C983D0CF03F7CE	good	-	-	1679889600.000000	1680494398.000000
1679915912.904165	FinaEz2CGXVqlNuFRe	sha1	666D0B709C89E4BE4BEBEC134547E4B695360F8C	C03152CD5A50C3827C7471CECBE99CF97AEB82E2	0A9578B5C66D933CA90297289CCEFB66	good	-	-	1679853782.000000	1680455882.000000
1679915912.904186	FcAHok3tGmYYhYoht	sha1	A17551059D2110D201B9081B73338F1C3CC7BD5F	81B80E638A891218E5FA3B3B50959FE6E5901385	096E2BAB2C04B547A1F4A5C079D5743E	good	-	-	1679846941.000000	1680449041.000000
1679915913.602659	FwHSNv2Ty4Klk5BIJh	sha1	BA14A9AB8164C6AFB43C9D29383AE6F9D257ABE9	944FD45D8BE4A4E2A680FEFDD8F900EFA3BE0257	0936018DB46912AF9FF1CAE97EB623A3	good	-	-	1679845862.000000	1680447962.000000
1679915914.056735	FOf8VT3NydhOmNtZud	sha1	E4E395A229D3D4C1C31FF0980C0B4EC0098AABD8	B76BA2EAA8AA848C79EAB4DA0F98B2C59576B9F4	0AD4E7A4A68CBF8586A3B42683AAC07B	good	-	-	1679855222.000000	1680457322.000000
1679915915.555521	Fr8jtIZkAGHINOmK	sha1	777A7BA877D6F10F1CE9202196FB6B1A6E37F5ED	9058FFB09C75A8515477B1EDF2A34316389E6CC5	04D6735269AF7164DCAF04167FA1A9F8	good	-	-	1679734262.000000	1680336362.000000
1679915916.921077	FBlwfe6FS2XVh4JJc	sha1	CC6D221CF6B4552C2F87915F5AFEF0E1EECE83CC	82A27074DDBC533FCF7BD4F7CD7FA760C60A4CBF	07A798D8EA7138DF1533493A5A2885B3	good	-	-	1679871600.000000	1680476399.000000
1679915917.617841	Fez7mn4QLcQiksoIc3	sha1	12D78B402C356206FA827F8ED8922411B4ACF504	A5CE37EAEBB0750E946788B445FAD9241087961F	0855383803830EA2809EB96B95E3B1DE	good	-	-	1679668022.000000	1680270122.000000
1679915918.897530	FkWXkf3RZGJoHqCMpb	sha1	666D0B709C89E4BE4BEBEC134547E4B695360F8C	C03152CD5A50C3827C7471CECBE99CF97AEB82E2	0FBC06A0E90303935F62A7C85B52F5AC	good	-	-	1679883302.000000	1680485402.000000
1679915919.057847	FMLTl01dLslcSQj4t2	sha1	E4E395A229D3D4C1C31FF0980C0B4EC0098AABD8	B76BA2EAA8AA848C79EAB4DA0F98B2C59576B9F4	0A4AE6A4FDF18CF160CFFC99E5274B2C	good	-	-	1679851981.000000	1680454081.000000
1679915919.077517	F0FL4e4sJPqzd1m6H3	sha1	E4E395A229D3D4C1C31FF0980C0B4EC0098AABD8	B76BA2EAA8AA848C79EAB4DA0F98B2C59576B9F4	09015DA82CA912E5C7AAE0E73DEBC29A	good	-	-	1679844781.000000	1680446881.000000
1679915919.138321	FovSTM2irO03Oe4vL7	sha1	666D0B709C89E4BE4BEBEC134547E4B695360F8C	C03152CD5A50C3827C7471CECBE99CF97AEB82E2	0ADC08B2AE7F7F7C7FFB0CE3DC01C096	good	-	-	1679855222.000000	1680457322.000000
1679915919.280488	F9Jm162lBcHCGmWc7k	sha1	E4E395A229D3D4C1C31FF0980C0B4EC0098AABD8	B76BA2EAA8AA848C79EAB4DA0F98B2C59576B9F4	0A4AE6A4FDF18CF160CFFC99E5274B2C	good	-	-	1679851981.000000	1680454081.000000
1679915919.649890	FO5KVw43qnQz8ZTrdb	sha1	E4E395A229D3D4C1C31FF0980C0B4EC0098AABD8	B76BA2EAA8AA848C79EAB4DA0F98B2C59576B9F4	0F76D7608FC496D289954C465B2E7C98	good	-	-	1679622662.000000	1680224762.000000
1679915920.558705	FEoyHb1b1403xBwNub	sha1	A17551059D2110D201B9081B73338F1C3CC7BD5F	81B80E638A891218E5FA3B3B50959FE6E5901385	0480E3665281860EECC187031B6923DA	good	-	-	1679818862.000000	1680420962.000000
1679915921.181821	FHGrKm4u4kmZX2AnVl	sha1	3A1979741DCF77D3D6572B57CAFFF6F62B1D5A3A	EE9A2E46F0C2DA3C5CC78CD6A47598DEA8190A65	0C673E377885E4052335497A28F97F50	good	-	-	1679864222.000000	1680466322.000000
1679915921.419712	FAqnZ2cYcXA4ksJ9c	sha1	430BD20E4F137A1A6C918F24E5DA7E324D4733C8	8D8C5EC454AD8AE177E99BF99B05E1B8018D61E1	2BC2CE7C3BF2CAEC8586E943749BCE38	good	-	-	1679742945.000000	1680347744.000000
1679915921.420260	FtvsRF4bh91Sq9hmJ3	sha1	430BD20E4F137A1A6C918F24E5DA7E324D4733C8	8D8C5EC454AD8AE177E99BF99B05E1B8018D61E1	2BC2CE7C3BF2CAEC8586E943749BCE38	good	-	-	1679742945.000000	1680347744.000000
1679915921.873131	FSY4wKWxCAYi7FSS8	sha1	E4E395A229D3D4C1C31FF0980C0B4EC0098AABD8	B76BA2EAA8AA848C79EAB4DA0F98B2C59576B9F4	0A4FB8C3BEC522AE0B9A732AD3096CE1	good	-	-	1679851981.000000	1680454081.000000
1679915922.300132	FB3diD4vjqd5WfG8x3	sha1	6B7064FE6A7443DC2D6D5B79ECACA7AE5C2EC33F	F8EF7FF2CD7867A8DE6F8F248D88F1870302B3EB	1D44C46B1C7F6B63DD591494	good	-	-	1679901583.000000	1680247182.000000
1679915922.343535	FbHw9S1dcEqknaXsXg	sha1	E4E395A229D3D4C1C31FF0980C0B4EC0098AABD8	B76BA2EAA8AA848C79EAB4DA0F98B2C59576B9F4	0A4FB8C3BEC522AE0B9A732AD3096CE1	good	-	-	1679851981.000000	1680454081.000000
1679915923.414477	FR1WSd22PanBNt3oK7	sha1	8C0450EA53434941D65D1065376E4863D05A11AD	25E2180EB25791942AE5D45D869083DE53B3B892	B3404DB681FEFE3209A48882F1CEDDC4	good	-	-	1679883345.000000	1680484544.000000
1679915923.445362	FW6IZy2h7DoHxRzNp3	sha1	430BD20E4F137A1A6C918F24E5DA7E324D4733C8	8D8C5EC454AD8AE177E99BF99B05E1B8018D61E1	DC8B20840C5B83CBBFADA57A73999656	good	-	-	1679741758.000000	1680346557.000000
1679915923.486898	F5MF2Gx99a6LvRL7f	sha1	430BD20E4F137A1A6C918F24E5DA7E324D4733C8	8D8C5EC454AD8AE177E99BF99B05E1B8018D61E1	49862021B4A655992216982303C5C288	good	-	-	1679609659.000000	1680214458.000000
1679915923.656788	FgooL03CtQCKc23hm7	sha1	430BD20E4F137A1A6C918F24E5DA7E324D4733C8	8D8C5EC454AD8AE177E99BF99B05E1B8018D61E1	49862021B4A655992216982303C5C288	good	-	-	1679609659.000000	1680214458.000000
1679915923.861784	F39VDt3FSG7JYkvUNf	sha1	430BD20E4F137A1A6C918F24E5DA7E324D4733C8	8D8C5EC454AD8AE177E99BF99B05E1B8018D61E1	49862021B4A655992216982303C5C288	good	-	-	1679609659.000000	1680214458.000000
1679915924.666763	F82m941iewA29rhfN7	sha1	666D0B709C89E4BE4BEBEC134547E4B695360F8C	C03152CD5A50C3827C7471CECBE99CF97AEB82E2	0C5380C3B9DE5D76B35122754CFD82DE	good	-	-	1679863862.000000	1680465962.000000
1679915924.841410	F8Edab4fXdhc74b5Xh	sha1	98F90032A9C065EB3C4FA8510E4C8DB8A7101603	A5B4D6EB36C4E76BA6DFC4640B012A2004B86623	0D801BB8302C8E1AED2C93192EE96326	good	-	-	1679870702.000000	1680472802.000000
1679915924.921735	Fgvz6g4wPC1eQUsxg	sha1	B9637A21B0602B5F790A8E22BF731357C5301394	8868D91F11C40E1F9B89E0A042775FC3798EC36E	01BD515DC926D74586A05B376507D058	good	-	-	1679900400.000000	1679943600.000000
1679915924.951685	FG1mb42XhPCszUhFcj	sha1	8C0450EA53434941D65D1065376E4863D05A11AD	25E2180EB25791942AE5D45D869083DE53B3B892	A54CDDD14B52A64410185EA689363D64	good	-	-	1679829551.000000	1680430750.000000
1679915925.183020	FtXMctEbXJunlecp8	sha1	48DAC9A0FB2BD32D4FF0DE68D2F567B735F9B3C4	142EB317B75856CBAE500940E61FAF9D8B14C2C6	035A5F172E7EBA71BBA2C04C872F3B235BEA	good	-	-	1679832000.000000	1680436798.000000
1679915925.725488	FcspWY2RlFzbF1yB6d	sha1	48DAC9A0FB2BD32D4FF0DE68D2F567B735F9B3C4	142EB317B75856CBAE500940E61FAF9D8B14C2C6	035A5F172E7EBA71BBA2C04C872F3B235BEA	good	-	-	1679832000.000000	1680436798.000000
1679915925.729460	FGXgOEWYr9yLkTl73	sha1	8C0450EA53434941D65D1065376E4863D05A11AD	25E2180EB25791942AE5D45D869083DE53B3B892	A54CDDD14B52A64410185EA689363D64	good	-	-	1679829551.000000	1680430750.000000
1679915926.391234	Fm8qDm4PzRayuSc73	sha1	B9637A21B0602B5F790A8E22BF731357C5301394	8868D91F11C40E1F9B89E0A042775FC3798EC36E	01BD515DC926D74586A05B376507D058	good	-	-	1679900400.000000	1679943600.000000
1679915927.980136	FQ21xH3ZAwxwUAeegk	sha1	A303C0A8887BD479C4278EB5D7587D3C12C04DA4	FF2F7FE106F438F32DED258D98C2FE0EF66CFCFA	2D0032787213FA84AE5320170C000000327872	good	-	-	1679767204.000000	1680112803.000000
1679915928.125662	FElMLff4tL5jTE4M5	sha1	430BD20E4F137A1A6C918F24E5DA7E324D4733C8	8D8C5EC454AD8AE177E99BF99B05E1B8018D61E1	4A6F13571B832436CBBBF7CA73B271C7	good	-	-	1679741868.000000	1680346667.000000
1679915928.170927	F05pbXMQv1OcIwOud	sha1	B6080D5F6C6B76EB13E438A5F8660BA85233344E	40C2BD278ECC348330A233D7FB6CB3F0B42C80CE	3A75BD45528BFE9C	good	-	-	1679848408.000000	1679978008.000000
1679915928.338594	FdZ3f240P4hd8ZLscf	sha1	498942A04F69BCF1F6789F17352EEE8CFE3BE46A	0CDB6C82490F4A670AB814EE7AC4485288EB5638	0AD9E6B02FD5D873FAAFAA21149AEBFF	good	-	-	1679855222.000000	1680457322.000000
1679915928.388446	Fpdo0BtPndqaSxeX9	sha1	331FFE3FFD0B8416284F948D56C07E0392D8F64D	0F6BE64BCE3947AEF67E901E79F0309192C85FA3	01D5AAC7F4CAE6EF3E4F1AE748AA7D8F	good	-	-	1679775424.000000	1680380223.000000
1679915929.284368	FwqSZa1FLeG61JjW9d	sha1	CF26F518FAC97E8F8CB342E01C2F6A109E8E5F0A	5168FF90AF0207753CCCD9656462A212B859723B	01C13D74126113199269C7B6C2C2DB8D	good	-	-	1679889422.000000	1680491522.000000
1679915929.890665	F8B0Zz2FEZUClVhEOi	sha1	E4E395A229D3D4C1C31FF0980C0B4EC0098AABD8	B76BA2EAA8AA848C79EAB4DA0F98B2C59576B9F4	01E7B48E8244D9F723E7F997E66A845B	good	-	-	1679890141.000000	1680492241.000000
1679915930.025738	Fu8O6R3yf0va3qtrUd	sha1	98F90032A9C065EB3C4FA8510E4C8DB8A7101603	A5B4D6EB36C4E76BA6DFC4640B012A2004B86623	0DAE92B35F740A76FCF08CA770593924	good	-	-	1679871423.000000	1680473523.000000
1679915930.148030	FtQ4qA1B3rdlgnhAYi	sha1	B6080D5F6C6B76EB13E438A5F8660BA85233344E	40C2BD278ECC348330A233D7FB6CB3F0B42C80CE	3A75BD45528BFE9C	good	-	-	1679848408.000000	1679978008.000000
1679915930.168767	FLkKce1v5kFjhDynhd	sha1	A17551059D2110D201B9081B73338F1C3CC7BD5F	81B80E638A891218E5FA3B3B50959FE6E5901385	0AB4B2829BA3B50BA6EF9F1CBCC3568C	good	-	-	1679854502.000000	1680456602.000000
1679915930.184388	FU2u0h2DrDRcr5UEC9	sha1	8C0450EA53434941D65D1065376E4863D05A11AD	25E2180EB25791942AE5D45D869083DE53B3B892	1EFD972C4987159909ED6C8CFA41265D	good	-	-	1679840614.000000	1680441813.000000
1679915932.425515	FEuzY5mkmkoIZIOl3	sha1	8C0450EA53434941D65D1065376E4863D05A11AD	25E2180EB25791942AE5D45D869083DE53B3B892	5CA1C36D99AD01AE091416C9177C2334	good	-	-	1679885507.000000	1680486706.000000
1679915932.640385	FTEQeDcKwNteKnuVi	sha1	A17551059D2110D201B9081B73338F1C3CC7BD5F	81B80E638A891218E5FA3B3B50959FE6E5901385	07F8F8C5672998ACE55DB971682B6168	good	-	-	1679838662.000000	1680440762.000000
1679915932.879403	FGvS1VFCDOvpRn2gh	sha1	A17551059D2110D201B9081B73338F1C3CC7BD5F	81B80E638A891218E5FA3B3B50959FE6E5901385	04793057409B4D9D14F7553336AB5B16	good	-	-	1679818502.000000	1680420602.000000
1679915933.593855	Fmehou3YAZzyt8ipqk	sha1	A5E2344EF5763A9CE2F31E9B9807B0075727A5F9	B390A7D8C9AF4ECD613C9F7CAD5D7F41FD6930EA	913107D3FA7F4DCEA63424B7E8D98251	good	-	-	1679880258.000000	1680485057.000000
1679915936.980655	FJ656h1Hb2ySwS3eic	sha1	C72E798ADDFF6134B3BAED4742B8BBC6C0240763	8A747FAF85CDEE95CD3D9CD0E24614F371351D27	3AB941ABC903B80F12E6D2FC78D64CF4	good	-	-	1679806226.000000	1680407425.000000
1679915938.325764	FzmmoU3WJrhbhQbsgj	sha1	E4E395A229D3D4C1C31FF0980C0B4EC0098AABD8	B76BA2EAA8AA848C79EAB4DA0F98B2C59576B9F4	0F76D7608FC496D289954C465B2E7C98	good	-	-	1679622662.000000	1680224762.000000
1679915938.325774	FO2y5o1UKiHybCi9y7	sha1	777A7BA877D6F10F1CE9202196FB6B1A6E37F5ED	9058FFB09C75A8515477B1EDF2A34316389E6CC5	04D6735269AF7164DCAF04167FA1A9F8	good	-	-	1679734262.000000	1680336362.000000
1679915939.474907	FVEDm32p4QsgqQpt39	sha1	A17551059D2110D201B9081B73338F1C3CC7BD5F	81B80E638A891218E5FA3B3B50959FE6E5901385	0A3C3E1BB54F144A169BBA0BE9C3D39E	good	-	-	1679851621.000000	1680453721.000000
1679915939.613734	FrFnPQ2xUWUeGGJ3ok	sha1	B6080D5F6C6B76EB13E438A5F8660BA85233344E	40C2BD278ECC348330A233D7FB6CB3F0B42C80CE	67268877D47766B4	good	-	-	1679852189.000000	1679981789.000000
1679915940.168699	FvIxaP3uNrds9DQXs9	sha1	666D0B709C89E4BE4BEBEC134547E4B695360F8C	C03152CD5A50C3827C7471CECBE99CF97AEB82E2	09DB8FAC0D5D43772AE1AA54C15C351B	good	-	-	1679849462.000000	1680451562.000000
1679915940.411024	FSk30cIK8Lpo1r0jh	sha1	666D0B709C89E4BE4BEBEC134547E4B695360F8C	C03152CD5A50C3827C7471CECBE99CF97AEB82E2	09DB8FAC0D5D43772AE1AA54C15C351B	good	-	-	1679849462.000000	1680451562.000000
1679915942.272428	FpzHm11I8XOc98Yfxa	sha1	A17551059D2110D201B9081B73338F1C3CC7BD5F	81B80E638A891218E5FA3B3B50959FE6E5901385	04793057409B4D9D14F7553336AB5B16	good	-	-	1679818502.000000	1680420602.000000
1679915942.580514	FPPOFW1WfpL4kNkoae	sha1	666D0B709C89E4BE4BEBEC134547E4B695360F8C	C03152CD5A50C3827C7471CECBE99CF97AEB82E2	054A78080AAFFB9CAF99CD6038766938	good	-	-	1679823182.000000	1680425282.000000
1679915942.717249	FjoCLRjzHp7S8Szn1	sha1	E4E395A229D3D4C1C31FF0980C0B4EC0098AABD8	B76BA2EAA8AA848C79EAB4DA0F98B2C59576B9F4	06B47448D54A48A126CCC30232C4F17D	good	-	-	1679831461.000000	1680433561.000000
1679915942.717409	FjtHAr3S6bLGm3N7ia	sha1	74B4E72319C765921540447BC7CE3E90C21876EB	A48DE5BE7C79E470236D2E2934AD2358DCF5317F	0D0B625DA1FCD2AC68668A7BC2FA3D3B	good	-	-	1679867822.000000	1680469922.000000
1679915943.600135	FYV9c21oZQhhXkXHll	sha1	B9637A21B0602B5F790A8E22BF731357C5301394	8868D91F11C40E1F9B89E0A042775FC3798EC36E	01BD515DC926D74586A05B376507D058	good	-	-	1679900400.000000	1679943600.000000
1679915944.141722	Fbm0jGhjKAuTxUR2f	sha1	E4E395A229D3D4C1C31FF0980C0B4EC0098AABD8	B76BA2EAA8AA848C79EAB4DA0F98B2C59576B9F4	0CFF818446059D2781F71A2FFD94F8C0	good	-	-	1679867461.000000	1680469561.000000
1679915944.341145	Fev7za3lT3xQxlAsUh	sha1	48DAC9A0FB2BD32D4FF0DE68D2F567B735F9B3C4	142EB317B75856CBAE500940E61FAF9D8B14C2C6	034E144316ECB5A34EAC0DA5F31A8600A8C5	good	-	-	1679882400.000000	1680487198.000000
1679915944.345123	FwV5E71w0Bvsoa4ebg	sha1	E4E395A229D3D4C1C31FF0980C0B4EC0098AABD8	B76BA2EAA8AA848C79EAB4DA0F98B2C59576B9F4	0E320E7DD0BAF3A44DEDE08BF7E6AD45	good	-	-	1679874662.000000	1680476762.000000
1679915944.375078	FX9dC93ydeo4RVSxj7	sha1	E4E395A229D3D4C1C31FF0980C0B4EC0098AABD8	B76BA2EAA8AA848C79EAB4DA0F98B2C59576B9F4	0A4FB8C3BEC522AE0B9A732AD3096CE1	good	-	-	1679851981.000000	1680454081.000000
1679915944.412534	FGPA7S3koMxLT1e1R9	sha1	666D0B709C89E4BE4BEBEC134547E4B695360F8C	C03152CD5A50C3827C7471CECBE99CF97AEB82E2	0637E80E380BAA568A342C3C9970235E	good	-	-	1679828582.000000	1680430682.000000
1679915944.555153	FgvHvf3SWiuk6WbJ7e	sha1	430BD20E4F137A1A6C918F24E5DA7E324D4733C8	8D8C5EC454AD8AE177E99BF99B05E1B8018D61E1	6464C47D55FADB429CD87E633CA239AD	good	-	-	1679676829.000000	1680281628.000000
1679915944.910834	FR7jupBABnfQAeOWi	sha1	E4E395A229D3D4C1C31FF0980C0B4EC0098AABD8	B76BA2EAA8AA848C79EAB4DA0F98B2C59576B9F4	0A4FB8C3BEC522AE0B9A732AD3096CE1	good	-	-	1679851981.000000	1680454081.000000
1679915945.927082	Fx96U61WHbsqEhJpu6	sha1	430BD20E4F137A1A6C918F24E5DA7E324D4733C8	8D8C5EC454AD8AE177E99BF99B05E1B8018D61E1	0213EEB61F4C805445F0DD1FB584B889	good	-	-	1679819622.000000	1680424421.000000
1679915945.930231	FDk7eD4zKIkaXasIo2	sha1	666D0B709C89E4BE4BEBEC134547E4B695360F8C	C03152CD5A50C3827C7471CECBE99CF97AEB82E2	04E397DEEA007005969C85F8C2D00085	good	-	-	1679821022.000000	1680423122.000000
1679915955.438429	FrVvjI1gdMHxj0nq7c	sha1	A17551059D2110D201B9081B73338F1C3CC7BD5F	81B80E638A891218E5FA3B3B50959FE6E5901385	0480E3665281860EECC187031B6923DA	good	-	-	1679818862.000000	1680420962.000000
1679915976.542471	FUwJpk4kiRO6sVTw39	sha1	48DAC9A0FB2BD32D4FF0DE68D2F567B735F9B3C4	142EB317B75856CBAE500940E61FAF9D8B14C2C6	041608A6C7E6C92FD1745266EE8CA8315B4A	good	-	-	1679742000.000000	1680346798.000000
1679915986.689345	FjGkEC300PBrbJ47di	sha1	48DAC9A0FB2BD32D4FF0DE68D2F567B735F9B3C4	142EB317B75856CBAE500940E61FAF9D8B14C2C6	0404A1A570411C227A20094007FE78C0C8A2	good	-	-	1679778000.000000	1680382798.000000
1679915988.713690	FmvzDk3yS2fFIMdraa	sha1	48DAC9A0FB2BD32D4FF0DE68D2F567B735F9B3C4	142EB317B75856CBAE500940E61FAF9D8B14C2C6	04C5DEC309C0B8822CEAFCE3E3A0E01D9388	good	-	-	1679882400.000000	1680487198.000000
1679915990.916299	FzClDr4b79HKYk3ppe	sha1	48DAC9A0FB2BD32D4FF0DE68D2F567B735F9B3C4	142EB317B75856CBAE500940E61FAF9D8B14C2C6	04EBAC0EF0BC26A52B45E8C7D66101323341	good	-	-	1679688000.000000	1680292798.000000
1679915992.898467	Fk7Aqf2CUyC0eHFj88	sha1	3A1979741DCF77D3D6572B57CAFFF6F62B1D5A3A	EE9A2E46F0C2DA3C5CC78CD6A47598DEA8190A65	0C673E377885E4052335497A28F97F50	good	-	-	1679864222.000000	1680466322.000000
1679915993.271235	FOVWg419geSOWy8IM1	sha1	48DAC9A0FB2BD32D4FF0DE68D2F567B735F9B3C4	142EB317B75856CBAE500940E61FAF9D8B14C2C6	031C019CDBC3A01BE41D7731CA54488923FC	good	-	-	1679860800.000000	1680465598.000000
1679915993.334055	FLfd5P1LVvL2Q3xNdj	sha1	48DAC9A0FB2BD32D4FF0DE68D2F567B735F9B3C4	142EB317B75856CBAE500940E61FAF9D8B14C2C6	049A3373BC0CB7AA5B0E77A689077659BECB	good	-	-	1679886000.000000	1680490798.000000
1679915993.404013	FXh6qU11E84Xv6ncr2	sha1	48DAC9A0FB2BD32D4FF0DE68D2F567B735F9B3C4	142EB317B75856CBAE500940E61FAF9D8B14C2C6	049A3373BC0CB7AA5B0E77A689077659BECB	good	-	-	1679886000.000000	1680490798.000000
1679915997.748577	F7tEfY64tagjx4cXe	sha1	E4E395A229D3D4C1C31FF0980C0B4EC0098AABD8	B76BA2EAA8AA848C79EAB4DA0F98B2C59576B9F4	0F76D7608FC496D289954C465B2E7C98	good	-	-	1679622662.000000	1680224762.000000
1679915997.748633	FEC5o62va39kRZq6F9	sha1	E4E395A229D3D4C1C31FF0980C0B4EC0098AABD8	B76BA2EAA8AA848C79EAB4DA0F98B2C59576B9F4	0F76D7608FC496D289954C465B2E7C98	good	-	-	1679622662.000000	1680224762.000000
1679915997.773176	FOv98vX8K5AHalFAk	sha1	E4E395A229D3D4C1C31FF0980C0B4EC0098AABD8	B76BA2EAA8AA848C79EAB4DA0F98B2C59576B9F4	0F76D7608FC496D289954C465B2E7C98	good	-	-	1679622662.000000	1680224762.000000
1679915998.322176	FPT4Xa2WxXveoejFli	sha1	A17551059D2110D201B9081B73338F1C3CC7BD5F	81B80E638A891218E5FA3B3B50959FE6E5901385	0251B6793BB0460C98C51CF0C582AF0A	good	-	-	1679892662.000000	1680494762.000000
1679915998.700737	FRbVOm1EhS4F3ySBhk	sha1	666D0B709C89E4BE4BEBEC134547E4B695360F8C	C03152CD5A50C3827C7471CECBE99CF97AEB82E2	0DE98BFF8F616A5BD6FB5E455A7D0B16	good	-	-	1679872862.000000	1680474962.000000
1679915998.748786	F6nrfn1U7aMFHby1Ug	sha1	B6080D5F6C6B76EB13E438A5F8660BA85233344E	40C2BD278ECC348330A233D7FB6CB3F0B42C80CE	D15AEF4D7CD32F63	good	-	-	1679850558.000000	1679980158.000000
1679915998.853530	Fcraza2JwUroHuhN23	sha1	2B1D1E98CCF37604D6C1C8BD15A224C804130038	0ABC0829178CA5396D7A0ECE33C72EB3EDFBC37A	02667181722427294C60F5EA857F8A04	good	-	-	1679893021.000000	1680495121.000000
1679915999.027504	FemCwU2rwAA4Ml1EJ7	sha1	CF94DC5C304AA79485721F956E67895AC21657DD	F6850A3B1186E1047D0EAA0B2CD2EECC647B7BAE	AFC0A8FDE886E5E89BEB23E189A0D987	good	-	-	1679767782.000000	1680372581.000000
1679915999.145403	FFF18WSvPCDWcCYi4	sha1	B6080D5F6C6B76EB13E438A5F8660BA85233344E	40C2BD278ECC348330A233D7FB6CB3F0B42C80CE	D15AEF4D7CD32F63	good	-	-	1679850558.000000	1679980158.000000
1679915999.997283	FDpTEZ3LNRCnwQt1ej	sha1	498942A04F69BCF1F6789F17352EEE8CFE3BE46A	0CDB6C82490F4A670AB814EE7AC4485288EB5638	0357B388DD2A125596B4B970852D2185	good	-	-	1679898422.000000	1680500522.000000
1679916000.166903	FCe2tt1LoEq7H1Y0f9	sha1	3A1979741DCF77D3D6572B57CAFFF6F62B1D5A3A	EE9A2E46F0C2DA3C5CC78CD6A47598DEA8190A65	0C673E377885E4052335497A28F97F50	good	-	-	1679864222.000000	1680466322.000000
1679916000.178539	FaTZKv1VJiQInogVqa	sha1	3A1979741DCF77D3D6572B57CAFFF6F62B1D5A3A	EE9A2E46F0C2DA3C5CC78CD6A47598DEA8190A65	0C673E377885E4052335497A28F97F50	good	-	-	1679864222.000000	1680466322.000000
1679916000.729166	FPz8Wl2lmWRbR4BqT3	sha1	3A1979741DCF77D3D6572B57CAFFF6F62B1D5A3A	EE9A2E46F0C2DA3C5CC78CD6A47598DEA8190A65	0C673E377885E4052335497A28F97F50	good	-	-	1679864222.000000	1680466322.000000
1679916000.729215	F73H4I3jqPH0KwV4b6	sha1	3A1979741DCF77D3D6572B57CAFFF6F62B1D5A3A	EE9A2E46F0C2DA3C5CC78CD6A47598DEA8190A65	0C673E377885E4052335497A28F97F50	good	-	-	1679864222.000000	1680466322.000000
1679916001.487149	FjFpUJrzdqUeUjdl8	sha1	430BD20E4F137A1A6C918F24E5DA7E324D4733C8	8D8C5EC454AD8AE177E99BF99B05E1B8018D61E1	E1F84FFA2F0C180A34ED5AC948D5084C	good	-	-	1679691241.000000	1680296040.000000
1679916001.650527	FML7pQRCXBumQylEb	sha1	331FFE3FFD0B8416284F948D56C07E0392D8F64D	0F6BE64BCE3947AEF67E901E79F0309192C85FA3	22AB7B3D3681D110CA61399447E24E8E	good	-	-	1679690117.000000	1680294916.000000
1679916001.693204	FACrFc1sxqRV9LZht7	sha1	48DAC9A0FB2BD32D4FF0DE68D2F567B735F9B3C4	142EB317B75856CBAE500940E61FAF9D8B14C2C6	048A7980F001FB5048EA2548D520F8ACD622	good	-	-	1679886000.000000	1680490798.000000
1679916001.718987	Fv97xi4els0Jan8ZIa	sha1	B9637A21B0602B5F790A8E22BF731357C5301394	8868D91F11C40E1F9B89E0A042775FC3798EC36E	01BD515DC926D74586A05B376507D058	good	-	-	1679900400.000000	1679943600.000000
1679916002.900714	Fa6t6L1kODk2BcDXl7	sha1	430BD20E4F137A1A6C918F24E5DA7E324D4733C8	8D8C5EC454AD8AE177E99BF99B05E1B8018D61E1	19F5BD51AE103EE480A171A673FB352F	good	-	-	1679742210.000000	1680347009.000000
1679916003.121210	FGmyrz2URF4Duex0L8	sha1	430BD20E4F137A1A6C918F24E5DA7E324D4733C8	8D8C5EC454AD8AE177E99BF99B05E1B8018D61E1	19F5BD51AE103EE480A171A673FB352F	good	-	-	1679742210.000000	1680347009.000000
1679916003.238918	FH3r6J3Ddd6UhKfOQ6	sha1	B6080D5F6C6B76EB13E438A5F8660BA85233344E	40C2BD278ECC348330A233D7FB6CB3F0B42C80CE	CF3CB249FC4AB7AB	good	-	-	1679852033.000000	1679981633.000000
1679916003.664964	F47Qiz26QBUK9scKZ5	sha1	B6080D5F6C6B76EB13E438A5F8660BA85233344E	40C2BD278ECC348330A233D7FB6CB3F0B42C80CE	99A245C32F3B687B	good	-	-	1679850834.000000	1679980434.000000
1679916003.894500	FSBPmv3H80RcHduKT6	sha1	331FFE3FFD0B8416284F948D56C07E0392D8F64D	0F6BE64BCE3947AEF67E901E79F0309192C85FA3	0B2126F658B463C20A5F0EB220AC0A46	good	-	-	1679775271.000000	1680380070.000000
1679916003.894554	F1P3gc1IqqnfDbsK1d	sha1	B6080D5F6C6B76EB13E438A5F8660BA85233344E	40C2BD278ECC348330A233D7FB6CB3F0B42C80CE	99A245C32F3B687B	good	-	-	1679850834.000000	1679980434.000000
1679916004.065579	FdcjtD362hr1oYDHjd	sha1	331FFE3FFD0B8416284F948D56C07E0392D8F64D	0F6BE64BCE3947AEF67E901E79F0309192C85FA3	0B2126F658B463C20A5F0EB220AC0A46	good	-	-	1679775271.000000	1680380070.000000
1679916004.221453	FjMIGg4ocSBJLzhts2	sha1	331FFE3FFD0B8416284F948D56C07E0392D8F64D	0F6BE64BCE3947AEF67E901E79F0309192C85FA3	0B2126F658B463C20A5F0EB220AC0A46	good	-	-	1679775271.000000	1680380070.000000
1679916004.265724	F9yUu72IAWOzZDqIF9	sha1	A17551059D2110D201B9081B73338F1C3CC7BD5F	81B80E638A891218E5FA3B3B50959FE6E5901385	0D96244E035692AC204D190EDF07E1D5	good	-	-	1679871062.000000	1680473162.000000
1679916005.369876	FzvgdR1g4lkO5ydg84	sha1	B6080D5F6C6B76EB13E438A5F8660BA85233344E	40C2BD278ECC348330A233D7FB6CB3F0B42C80CE	CF3CB249FC4AB7AB	good	-	-	1679852033.000000	1679981633.000000
1679916044.110650	FnJ7SsOsafotxEmgd	sha1	C72E798ADDFF6134B3BAED4742B8BBC6C0240763	8A747FAF85CDEE95CD3D9CD0E24614F371351D27	6B4B1F8B614C88FD121849E8B347CB7E	good	-	-	1679818851.000000	1680420050.000000
1679916052.168670	FkZ4PevElQNmSHvZ1	sha1	666D0B709C89E4BE4BEBEC134547E4B695360F8C	C03152CD5A50C3827C7471CECBE99CF97AEB82E2	011341AA0915B665F408DC69DF68AB47	good	-	-	1679885461.000000	1680487561.000000
1679916052.582343	Fk8mJl4DjZFS53Cgg2	sha1	A17551059D2110D201B9081B73338F1C3CC7BD5F	81B80E638A891218E5FA3B3B50959FE6E5901385	0559E7DC927BFB811A4BD0ED6A759DB9	good	-	-	1679823542.000000	1680425642.000000
1679916053.002836	FuPBRv30AgaN837CZk	sha1	A17551059D2110D201B9081B73338F1C3CC7BD5F	81B80E638A891218E5FA3B3B50959FE6E5901385	0559E7DC927BFB811A4BD0ED6A759DB9	good	-	-	1679823542.000000	1680425642.000000
1679916056.240173	FXgANd3Hdi1fkxrcJ6	sha1	A17551059D2110D201B9081B73338F1C3CC7BD5F	81B80E638A891218E5FA3B3B50959FE6E5901385	077B38BCA26F3EFD3480AA849C182C78	good	-	-	1679835781.000000	1680437881.000000
1679916056.245898	Fb1oJp1bCF0Wvas9jh	sha1	A17551059D2110D201B9081B73338F1C3CC7BD5F	81B80E638A891218E5FA3B3B50959FE6E5901385	07F1D13508F0AF899891345C31A4E965	good	-	-	1679838662.000000	1680440762.000000
1679916056.436034	FBdZrAgRtXZV6xVkf	sha1	A17551059D2110D201B9081B73338F1C3CC7BD5F	81B80E638A891218E5FA3B3B50959FE6E5901385	077B38BCA26F3EFD3480AA849C182C78	good	-	-	1679835781.000000	1680437881.000000
1679916057.194753	FlrDKn3XIiJkMmikG9	sha1	A17551059D2110D201B9081B73338F1C3CC7BD5F	81B80E638A891218E5FA3B3B50959FE6E5901385	077B38BCA26F3EFD3480AA849C182C78	good	-	-	1679835781.000000	1680437881.000000
1679916058.507206	FdGwqy2qNs3dDJ1UGg	sha1	A17551059D2110D201B9081B73338F1C3CC7BD5F	81B80E638A891218E5FA3B3B50959FE6E5901385	07F1D13508F0AF899891345C31A4E965	good	-	-	1679838662.000000	1680440762.000000
1679916058.534281	FaMcLZF7pG4U2O4Al	sha1	A17551059D2110D201B9081B73338F1C3CC7BD5F	81B80E638A891218E5FA3B3B50959FE6E5901385	07F1D13508F0AF899891345C31A4E965	good	-	-	1679838662.000000	1680440762.000000
1679916059.020671	FxSAGx1pwGok1zRuC6	sha1	CF94DC5C304AA79485721F956E67895AC21657DD	F6850A3B1186E1047D0EAA0B2CD2EECC647B7BAE	E62709DA63CD01ECF4D0D01F258C13E0	good	-	-	1679649556.000000	1680254355.000000
1679916059.173885	FHyJ4k2dAs6ULJvJKe	sha1	A17551059D2110D201B9081B73338F1C3CC7BD5F	81B80E638A891218E5FA3B3B50959FE6E5901385	0D0DA4BAA3A38DE705CED6ADA9680F48	good	-	-	1679867822.000000	1680469922.000000
1679916059.287746	FW8q5zlRyz7FEYffg	sha1	A17551059D2110D201B9081B73338F1C3CC7BD5F	81B80E638A891218E5FA3B3B50959FE6E5901385	0D0DA4BAA3A38DE705CED6ADA9680F48	good	-	-	1679867822.000000	1680469922.000000
1679916059.454927	FWCQmpHoiVXZnAKL7	sha1	33F5AAC61D66E7055D03173A4D1F3E187138850D	59A4660652A07B95923CA394072796745BF93DD0	0E06EE963EA6289C635048F71031A12A	good	-	-	1679873581.000000	1680475681.000000
1679916059.690454	FxYudr6NaHHqaal35	sha1	A17551059D2110D201B9081B73338F1C3CC7BD5F	81B80E638A891218E5FA3B3B50959FE6E5901385	077B38BCA26F3EFD3480AA849C182C78	good	-	-	1679835781.000000	1680437881.000000
1679916059.803282	F9SW9TkENoVCghyi	sha1	A17551059D2110D201B9081B73338F1C3CC7BD5F	81B80E638A891218E5FA3B3B50959FE6E5901385	077B38BCA26F3EFD3480AA849C182C78	good	-	-	1679835781.000000	1680437881.000000
1679916060.843550	FdvYIm4WnbbX5CHNpj	sha1	933232B4DE7362628418BEEE08CF27E7F4E24D74	587B8E752AFE6180AA904001AED6E807466E3F48	1735AFF4AFE0F4CDBCC46CAF	good	-	-	1679899804.000000	1680245403.000000
1679916060.993906	F4txYr3xhrbdDQlTY3	sha1	A17551059D2110D201B9081B73338F1C3CC7BD5F	81B80E638A891218E5FA3B3B50959FE6E5901385	07F1D13508F0AF899891345C31A4E965	good	-	-	1679838662.000000	1680440762.000000
1679916061.642612	FT53RcBCXESnTUox1	sha1	A17551059D2110D201B9081B73338F1C3CC7BD5F	81B80E638A891218E5FA3B3B50959FE6E5901385	07F1D13508F0AF899891345C31A4E965	good	-	-	1679838662.000000	1680440762.000000
1679916061.890527	FfJLvE3xxUBt2gin2l	sha1	430BD20E4F137A1A6C918F24E5DA7E324D4733C8	8D8C5EC454AD8AE177E99BF99B05E1B8018D61E1	6060F6B360F4188F2BAF79FB30B2218F	good	-	-	1679662724.000000	1680267523.000000
1679916061.890574	FIEjY8KK4XE61qAsf	sha1	430BD20E4F137A1A6C918F24E5DA7E324D4733C8	8D8C5EC454AD8AE177E99BF99B05E1B8018D61E1	6060F6B360F4188F2BAF79FB30B2218F	good	-	-	1679662724.000000	1680267523.000000
1679916062.019151	FidJZO2qPWfx3i6Jgd	sha1	A17551059D2110D201B9081B73338F1C3CC7BD5F	81B80E638A891218E5FA3B3B50959FE6E5901385	0480E3665281860EECC187031B6923DA	good	-	-	1679818862.000000	1680420962.000000
1679916062.489921	FyUOl5YRGaJsplqs6	sha1	933232B4DE7362628418BEEE08CF27E7F4E24D74	587B8E752AFE6180AA904001AED6E807466E3F48	51848FB63C7BC694228BB4E5	good	-	-	1679897480.000000	1680243079.000000
1679916062.590309	FB61453zzptKbf9Ry8	sha1	933232B4DE7362628418BEEE08CF27E7F4E24D74	587B8E752AFE6180AA904001AED6E807466E3F48	51848FB63C7BC694228BB4E5	good	-	-	1679897480.000000	1680243079.000000
1679916062.770084	FlQyoO18hecAKqRHK9	sha1	933232B4DE7362628418BEEE08CF27E7F4E24D74	587B8E752AFE6180AA904001AED6E807466E3F48	51848FB63C7BC694228BB4E5	good	-	-	1679897480.000000	1680243079.000000
1679916062.905502	FMB2xq2T4qHZDUZ4Jl	sha1	933232B4DE7362628418BEEE08CF27E7F4E24D74	587B8E752AFE6180AA904001AED6E807466E3F48	51848FB63C7BC694228BB4E5	good	-	-	1679897480.000000	1680243079.000000
1679916062.923866	FX3VdwHFZHsABdUI9	sha1	666D0B709C89E4BE4BEBEC134547E4B695360F8C	C03152CD5A50C3827C7471CECBE99CF97AEB82E2	04F8378171A657D72F89FDD9FE430B87	good	-	-	1679821382.000000	1680423482.000000
1679916063.270627	FG3DTGVF4nLwG13G9	sha1	666D0B709C89E4BE4BEBEC134547E4B695360F8C	C03152CD5A50C3827C7471CECBE99CF97AEB82E2	04F8378171A657D72F89FDD9FE430B87	good	-	-	1679821382.000000	1680423482.000000
1679916063.274987	FeNP9HjUpU1QQqQk	sha1	666D0B709C89E4BE4BEBEC134547E4B695360F8C	C03152CD5A50C3827C7471CECBE99CF97AEB82E2	04F8378171A657D72F89FDD9FE430B87	good	-	-	1679821382.000000	1680423482.000000
1679916063.389588	FMDZjH2gjXRmzLsfD	sha1	E4E395A229D3D4C1C31FF0980C0B4EC0098AABD8	B76BA2EAA8AA848C79EAB4DA0F98B2C59576B9F4	0344CCF017F34AE251F0A84AF09C3D80	good	-	-	1679898062.000000	1680500162.000000
1679916063.592246	FzXtTZ3nLH0zudtbwa	sha1	A17551059D2110D201B9081B73338F1C3CC7BD5F	81B80E638A891218E5FA3B3B50959FE6E5901385	07F1D13508F0AF899891345C31A4E965	good	-	-	1679838662.000000	1680440762.000000
1679916064.892397	FVub1Y3w4nqIr5fuyb	sha1	082E3FF9058CFE8A7C18BD13EFDF1D1660707A6B	C8D97868A2D91968D53D72DE5F0A3EDCB58686A6	9EEDBEF07E56C30811DE9484D33FD729	good	-	-	1679854745.000000	1680459544.000000
1679916064.945022	Fkhvas4ecgAbN9E0Cf	sha1	A17551059D2110D201B9081B73338F1C3CC7BD5F	81B80E638A891218E5FA3B3B50959FE6E5901385	07A0A1DBBF020589A7741F722B3E8D5D	good	-	-	1679836861.000000	1680438961.000000
1679916065.149488	FnDoOBQ992t2W1Csj	sha1	B6080D5F6C6B76EB13E438A5F8660BA85233344E	40C2BD278ECC348330A233D7FB6CB3F0B42C80CE	6B48AC9181A9B5F8	good	-	-	1679850293.000000	1679979893.000000
1679916065.177826	FIYJ9d40hh7GynyP71	sha1	A17551059D2110D201B9081B73338F1C3CC7BD5F	81B80E638A891218E5FA3B3B50959FE6E5901385	039CA7825ED2A75DF2FC9913ED8E5BF3	good	-	-	1679899862.000000	1680501962.000000
1679916067.161226	Ff5Jed41dNij0VjOp7	sha1	B6080D5F6C6B76EB13E438A5F8660BA85233344E	40C2BD278ECC348330A233D7FB6CB3F0B42C80CE	9ECD60816BFFB06C	good	-	-	1679861236.000000	1679990836.000000
1679916067.787428	FNk9Xd4kYlUP9YADN6	sha1	0C9E4D9C3DEDEF84D891E972C7CF8406BC197B07	96DE61F1BD1C1629531CC0CC7D3B830040E61A7C	5008489E60DBFA57B168A777	good	-	-	1679902171.000000	1680247770.000000
1679916068.916691	FIrWM04f3kY8qW6Kj3	sha1	48DAC9A0FB2BD32D4FF0DE68D2F567B735F9B3C4	142EB317B75856CBAE500940E61FAF9D8B14C2C6	03DAF834CE67AE0D7E6C2EC3FEF51A9BA5D7	good	-	-	1679760000.000000	1680364798.000000
1679916071.390727	F05RVF4eQut3M7wbUf	sha1	A17551059D2110D201B9081B73338F1C3CC7BD5F	81B80E638A891218E5FA3B3B50959FE6E5901385	0480E3665281860EECC187031B6923DA	good	-	-	1679818862.000000	1680420962.000000
1679916071.423742	FkAIKQ1QQNJbGOz9E9	sha1	A17551059D2110D201B9081B73338F1C3CC7BD5F	81B80E638A891218E5FA3B3B50959FE6E5901385	0480E3665281860EECC187031B6923DA	good	-	-	1679818862.000000	1680420962.000000
1679916072.297744	FRRkx31GKFKoq5JWR5	sha1	CF26F518FAC97E8F8CB342E01C2F6A109E8E5F0A	5168FF90AF0207753CCCD9656462A212B859723B	0B2E382849394C5F290C657EBF2B79A4	good	-	-	1679857021.000000	1680459121.000000
1679916072.467298	F5NpqH1tCBJeVUcwZ9	sha1	2B1D1E98CCF37604D6C1C8BD15A224C804130038	0ABC0829178CA5396D7A0ECE33C72EB3EDFBC37A	02667181722427294C60F5EA857F8A04	good	-	-	1679893021.000000	1680495121.000000
1679916072.880733	F8uB37e3N8CPIdtq6	sha1	3A1979741DCF77D3D6572B57CAFFF6F62B1D5A3A	EE9A2E46F0C2DA3C5CC78CD6A47598DEA8190A65	0C673E377885E4052335497A28F97F50	good	-	-	1679864222.000000	1680466322.000000
1679916073.096468	Fy4whc4BZ2AdzwnJwj	sha1	2828E1C94506C213EDC35EAC058B3B41C4B61D87	0D98C0737FABBDBDD9474B49AD0A4A0CAC3EC77C	47275406E1C36A93EA8C6395	good	-	-	1679894833.000000	1680240432.000000
1679916073.140402	Fwhr9k227dBS2Bsasd	sha1	3A1979741DCF77D3D6572B57CAFFF6F62B1D5A3A	EE9A2E46F0C2DA3C5CC78CD6A47598DEA8190A65	0C673E377885E4052335497A28F97F50	good	-	-	1679864222.000000	1680466322.000000
1679916073.170468	FjS4eGPtpZIoKxdzj	sha1	666D0B709C89E4BE4BEBEC134547E4B695360F8C	C03152CD5A50C3827C7471CECBE99CF97AEB82E2	06FAB2111CA1B6A95BDFA528092F9C25	good	-	-	1679832902.000000	1680435002.000000
1679916073.326714	F9aMIWEArWzETThja	sha1	E4E395A229D3D4C1C31FF0980C0B4EC0098AABD8	B76BA2EAA8AA848C79EAB4DA0F98B2C59576B9F4	018A9E54E8B09275F6E528278BDAD20C	good	-	-	1679887981.000000	1680490081.000000
1679916073.326771	FKk1QJswG4cXZkXii	sha1	6B7064FE6A7443DC2D6D5B79ECACA7AE5C2EC33F	F8EF7FF2CD7867A8DE6F8F248D88F1870302B3EB	6EC8CA506FDEAED72196FD7E	good	-	-	1679893550.000000	1680239149.000000
1679916073.403916	Fd9Hmp1w3IYeIZH9Ef	sha1	6B7064FE6A7443DC2D6D5B79ECACA7AE5C2EC33F	F8EF7FF2CD7867A8DE6F8F248D88F1870302B3EB	6EC8CA506FDEAED72196FD7E	good	-	-	1679893550.000000	1680239149.000000
1679916073.425263	FFVvckDXrSsok1ayh	sha1	6B7064FE6A7443DC2D6D5B79ECACA7AE5C2EC33F	F8EF7FF2CD7867A8DE6F8F248D88F1870302B3EB	6EC8CA506FDEAED72196FD7E	good	-	-	1679893550.000000	1680239149.000000
1679916073.452345	Ft4bic426MswvCv5X6	sha1	6B7064FE6A7443DC2D6D5B79ECACA7AE5C2EC33F	F8EF7FF2CD7867A8DE6F8F248D88F1870302B3EB	6EC8CA506FDEAED72196FD7E	good	-	-	1679893550.000000	1680239149.000000
1679916073.496923	FJU9S83628c1a0iJw5	sha1	48DAC9A0FB2BD32D4FF0DE68D2F567B735F9B3C4	142EB317B75856CBAE500940E61FAF9D8B14C2C6	04C5FF49028EE3520097EEA81EB606AF4A6F	good	-	-	1679670000.000000	1680274798.000000
1679916073.532925	F7SAPC3wk5dd56KFr7	sha1	6B7064FE6A7443DC2D6D5B79ECACA7AE5C2EC33F	F8EF7FF2CD7867A8DE6F8F248D88F1870302B3EB	74F1343679461D157892B8DF	good	-	-	1679903176.000000	1680248775.000000
1679916073.592346	FDWu3b4FOX4Jfe6Vpc	sha1	A17551059D2110D201B9081B73338F1C3CC7BD5F	81B80E638A891218E5FA3B3B50959FE6E5901385	0480E3665281860EECC187031B6923DA	good	-	-	1679818862.000000	1680420962.000000
1679916073.612563	FdZLoJGBEgNXtij74	sha1	A17551059D2110D201B9081B73338F1C3CC7BD5F	81B80E638A891218E5FA3B3B50959FE6E5901385	0480E3665281860EECC187031B6923DA	good	-	-	1679818862.000000	1680420962.000000
1679916073.612572	F14D023pBkVbohdAT5	sha1	A17551059D2110D201B9081B73338F1C3CC7BD5F	81B80E638A891218E5FA3B3B50959FE6E5901385	0480E3665281860EECC187031B6923DA	good	-	-	1679818862.000000	1680420962.000000
1679916081.620374	FDZTJm2sEl2SC2xqx8	sha1	2828E1C94506C213EDC35EAC058B3B41C4B61D87	0D98C0737FABBDBDD9474B49AD0A4A0CAC3EC77C	15CBE0D6C4CEC4867948F64B	good	-	-	1679894643.000000	1680240242.000000
1679916081.992330	Fgp9ZC2hUuPDWs6FM	sha1	6B7064FE6A7443DC2D6D5B79ECACA7AE5C2EC33F	F8EF7FF2CD7867A8DE6F8F248D88F1870302B3EB	617B71F868536D71862F5EDF	good	-	-	1679893607.000000	1680239206.000000
1679916082.000428	FGzl5w1CXmQgPDl8J2	sha1	6B7064FE6A7443DC2D6D5B79ECACA7AE5C2EC33F	F8EF7FF2CD7867A8DE6F8F248D88F1870302B3EB	617B71F868536D71862F5EDF	good	-	-	1679893607.000000	1680239206.000000
1679916082.000474	F7mulIFkej1LJHqA1	sha1	6B7064FE6A7443DC2D6D5B79ECACA7AE5C2EC33F	F8EF7FF2CD7867A8DE6F8F248D88F1870302B3EB	617B71F868536D71862F5EDF	good	-	-	1679893607.000000	1680239206.000000
1679916082.084405	FDY1M91ww5o0Jx1AH	sha1	2828E1C94506C213EDC35EAC058B3B41C4B61D87	0D98C0737FABBDBDD9474B49AD0A4A0CAC3EC77C	45EBEB34F788C8F18AC0D044	good	-	-	1679901017.000000	1680246616.000000
1679916082.084461	FgDM73ieGcq9s79y9	sha1	2828E1C94506C213EDC35EAC058B3B41C4B61D87	0D98C0737FABBDBDD9474B49AD0A4A0CAC3EC77C	45EBEB34F788C8F18AC0D044	good	-	-	1679901017.000000	1680246616.000000
1679916083.325018	F9R2LB384qolI4Gzb1	sha1	48DAC9A0FB2BD32D4FF0DE68D2F567B735F9B3C4	142EB317B75856CBAE500940E61FAF9D8B14C2C6	032B52FC8756021DA584302C78D9F767CF2F	good	-	-	1679882400.000000	1680487198.000000
1679916083.416694	FCtjiw2fLBsCkWapqb	sha1	933232B4DE7362628418BEEE08CF27E7F4E24D74	587B8E752AFE6180AA904001AED6E807466E3F48	2479B3EA2B088A261D0242BA	good	-	-	1679899959.000000	1680245558.000000
1679916084.233036	FZonK52aqKzJNj0nmd	sha1	933232B4DE7362628418BEEE08CF27E7F4E24D74	587B8E752AFE6180AA904001AED6E807466E3F48	1D7C05885687DB83B4E2F5F8	good	-	-	1679896449.000000	1680242048.000000
1679916084.262640	FuJ93r3KpvPvBvYOo	sha1	6B7064FE6A7443DC2D6D5B79ECACA7AE5C2EC33F	F8EF7FF2CD7867A8DE6F8F248D88F1870302B3EB	3643C77B4C4F8E15BCC1A605	good	-	-	1679901414.000000	1680247013.000000
1679916084.262661	FutQDo1aJDlaWZLiy6	sha1	8F7702DC0E21D05E555FA7C877EE1AE931EAD382	4FCBACA8C2EFABDD836F6BBFCE983D5C58257615	30ACDE209F54A6BC0BD845E2	good	-	-	1679896404.000000	1680242003.000000
1679916084.362256	FO9kuz1CCUwWcpbGtk	sha1	6B7064FE6A7443DC2D6D5B79ECACA7AE5C2EC33F	F8EF7FF2CD7867A8DE6F8F248D88F1870302B3EB	404AFCF79B23B39E3BF7BB98	good	-	-	1679898452.000000	1680244051.000000
1679916084.513720	FQOqjOEaagolz1eU1	sha1	48DAC9A0FB2BD32D4FF0DE68D2F567B735F9B3C4	142EB317B75856CBAE500940E61FAF9D8B14C2C6	03B3AB9D0FE4A2F6616F3EA317293BD501B0	good	-	-	1679720400.000000	1680325198.000000
1679916088.292541	FwtksK2STi6sruXdP1	sha1	430BD20E4F137A1A6C918F24E5DA7E324D4733C8	8D8C5EC454AD8AE177E99BF99B05E1B8018D61E1	E3106A3C39B8AF75CC2A0739E344DF8B	good	-	-	1679873662.000000	1680478461.000000
1679916088.372743	FTRcmo4COL5QETF4Dh	sha1	8F7702DC0E21D05E555FA7C877EE1AE931EAD382	4FCBACA8C2EFABDD836F6BBFCE983D5C58257615	7E9E3EA7E8D9E68A285F0AED	good	-	-	1679900440.000000	1680246039.000000
1679916088.372962	FqrfFt1AAQFHauWEJ3	sha1	48DAC9A0FB2BD32D4FF0DE68D2F567B735F9B3C4	142EB317B75856CBAE500940E61FAF9D8B14C2C6	04E332F681178E392A94DA0888A776FA527D	good	-	-	1679716800.000000	1680321598.000000
1679916088.433517	Fgx9lK1tnInuHOCK3h	sha1	48DAC9A0FB2BD32D4FF0DE68D2F567B735F9B3C4	142EB317B75856CBAE500940E61FAF9D8B14C2C6	04385FF1CB508F31488F8CB824BEA1986A7B	good	-	-	1679716800.000000	1680321598.000000
1679916088.434008	Fe8Jpp1NrA1NcR63Ii	sha1	48DAC9A0FB2BD32D4FF0DE68D2F567B735F9B3C4	142EB317B75856CBAE500940E61FAF9D8B14C2C6	0432B4B62F450248832FFE56625105683E55	good	-	-	1679864400.000000	1680469198.000000
1679916088.765714	FO4Jai2l1zuZL4xEJ1	sha1	430BD20E4F137A1A6C918F24E5DA7E324D4733C8	8D8C5EC454AD8AE177E99BF99B05E1B8018D61E1	0C1F4B22874639F1D45DB7511C55CB18	good	-	-	1679638678.000000	1680243477.000000
1679916088.957785	Flt8YJ1ncrz76OyXw	sha1	430BD20E4F137A1A6C918F24E5DA7E324D4733C8	8D8C5EC454AD8AE177E99BF99B05E1B8018D61E1	0C1F4B22874639F1D45DB7511C55CB18	good	-	-	1679638678.000000	1680243477.000000
1679916089.184236	FbrKrt1SRsj3nZX5Pc	sha1	48DAC9A0FB2BD32D4FF0DE68D2F567B735F9B3C4	142EB317B75856CBAE500940E61FAF9D8B14C2C6	031A02F1FD0DB968CD78B5AF99D612892D83	good	-	-	1679691600.000000	1680296398.000000
1679916089.205541	FufpPF1VKDEWe4Souf	sha1	48DAC9A0FB2BD32D4FF0DE68D2F567B735F9B3C4	142EB317B75856CBAE500940E61FAF9D8B14C2C6	031A02F1FD0DB968CD78B5AF99D612892D83	good	-	-	1679691600.000000	1680296398.000000
1679916089.703306	FY38lY1U3snLZ1rG2d	sha1	430BD20E4F137A1A6C918F24E5DA7E324D4733C8	8D8C5EC454AD8AE177E99BF99B05E1B8018D61E1	7D426651E18D6FF3C5D6573DC548ED64	good	-	-	1679838246.000000	1680443045.000000
1679916091.684065	FwTvYR3lLfhWBoPE4d	sha1	A17551059D2110D201B9081B73338F1C3CC7BD5F	81B80E638A891218E5FA3B3B50959FE6E5901385	02CF0E06D3A149A40D3466B0A1D208D3	good	-	-	1679895182.000000	1680497282.000000
1679916091.814838	FQPOv01OrbU8RHiVRe	sha1	2828E1C94506C213EDC35EAC058B3B41C4B61D87	0D98C0737FABBDBDD9474B49AD0A4A0CAC3EC77C	58A9D642C1D1673B6F5E7113	good	-	-	1679899351.000000	1680244950.000000
1679916092.514757	FgWFRe2jTNXvFriG7e	sha1	8F7702DC0E21D05E555FA7C877EE1AE931EAD382	4FCBACA8C2EFABDD836F6BBFCE983D5C58257615	5050A93E107F4CFBB00427C7	good	-	-	1679896778.000000	1680242377.000000
1679916093.262442	F3OrqL3elAIMAM2z6	sha1	A5E2344EF5763A9CE2F31E9B9807B0075727A5F9	B390A7D8C9AF4ECD613C9F7CAD5D7F41FD6930EA	500E39C7CCB406AC1FFDC1BDE525D027	good	-	-	1679875887.000000	1680480686.000000
1679916093.908272	F03Ssh16kfRTeRNt84	sha1	933232B4DE7362628418BEEE08CF27E7F4E24D74	587B8E752AFE6180AA904001AED6E807466E3F48	107276BDEFDDB95A75F938E4	good	-	-	1679892569.000000	1680238168.000000
1679916095.342380	Fb0w4e2skiGL1ZqoBj	sha1	84D56BF8098BD307B766D8E1EBAD6596AA6B6761	F5CDD53C0850F96A4F3AB797DA5683E669D268F7	20EDACE937F67AFCE459E75D	good	-	-	1679896139.000000	1680241738.000000
1679916095.415459	Fvzc2v2OPI7UvO4uJl	sha1	6B7064FE6A7443DC2D6D5B79ECACA7AE5C2EC33F	F8EF7FF2CD7867A8DE6F8F248D88F1870302B3EB	7504885352C31BDF28089883	good	-	-	1679897528.000000	1680243127.000000
1679916096.086830	FcSHsJ1K7tMNCEwaA6	sha1	48DAC9A0FB2BD32D4FF0DE68D2F567B735F9B3C4	142EB317B75856CBAE500940E61FAF9D8B14C2C6	047D10ACC0E5AC1AB274775AD6238FB8ADB7	good	-	-	1679680800.000000	1680285598.000000
1679916098.138411	F883de3O6xui6S8up4	sha1	E4E395A229D3D4C1C31FF0980C0B4EC0098AABD8	B76BA2EAA8AA848C79EAB4DA0F98B2C59576B9F4	0A4FB8C3BEC522AE0B9A732AD3096CE1	good	-	-	1679851981.000000	1680454081.000000
1679916098.534696	F8DvkV3LovzT4TOqdb	sha1	2828E1C94506C213EDC35EAC058B3B41C4B61D87	0D98C0737FABBDBDD9474B49AD0A4A0CAC3EC77C	3C34C79C7F9E875E846ADFBB	good	-	-	1679895993.000000	1680241592.000000
1679916098.700071	FPe7YC2vrh8A5BJmV6	sha1	E4E395A229D3D4C1C31FF0980C0B4EC0098AABD8	B76BA2EAA8AA848C79EAB4DA0F98B2C59576B9F4	0A4FB8C3BEC522AE0B9A732AD3096CE1	good	-	-	1679851981.000000	1680454081.000000
1679916098.798405	Fso7xD2qnnMyrXVf86	sha1	84D56BF8098BD307B766D8E1EBAD6596AA6B6761	F5CDD53C0850F96A4F3AB797DA5683E669D268F7	250CCF78FF8277EEE6F557D9	good	-	-	1679897718.000000	1680243317.000000
1679916098.919067	FjKECx4rakSkGlnhG4	sha1	2828E1C94506C213EDC35EAC058B3B41C4B61D87	0D98C0737FABBDBDD9474B49AD0A4A0CAC3EC77C	3C34C79C7F9E875E846ADFBB	good	-	-	1679895993.000000	1680241592.000000
1679916098.919308	FszAQL3Lb9RrNpljwh	sha1	84D56BF8098BD307B766D8E1EBAD6596AA6B6761	F5CDD53C0850F96A4F3AB797DA5683E669D268F7	250CCF78FF8277EEE6F557D9	good	-	-	1679897718.000000	1680243317.000000
1679916099.306040	FfVz6j4vp3qWASK8Gj	sha1	48DAC9A0FB2BD32D4FF0DE68D2F567B735F9B3C4	142EB317B75856CBAE500940E61FAF9D8B14C2C6	04A6E49A7FA4A43F245B6AAA26047C27C283	good	-	-	1679886000.000000	1680490798.000000
1679916099.314163	FFqf4eI8n8YLGe162	sha1	48DAC9A0FB2BD32D4FF0DE68D2F567B735F9B3C4	142EB317B75856CBAE500940E61FAF9D8B14C2C6	04385317B2AF7949FD397DE5A6851B325402	good	-	-	1679832000.000000	1680436798.000000
1679916099.340641	FarIkm1rgOlMDHoPqg	sha1	84D56BF8098BD307B766D8E1EBAD6596AA6B6761	F5CDD53C0850F96A4F3AB797DA5683E669D268F7	74DC9246CBAD257AC5D12A8D	good	-	-	1679902151.000000	1680247750.000000
1679916099.472262	FU7YQp2GeCRR9ldkS4	sha1	48DAC9A0FB2BD32D4FF0DE68D2F567B735F9B3C4	142EB317B75856CBAE500940E61FAF9D8B14C2C6	0316F40B544C6648D1A3EEDCD491EB9FDD51	good	-	-	1679886000.000000	1680490798.000000
1679916099.494892	FwiyCq435IPvXq5ii8	sha1	A17551059D2110D201B9081B73338F1C3CC7BD5F	81B80E638A891218E5FA3B3B50959FE6E5901385	0480E3665281860EECC187031B6923DA	good	-	-	1679818862.000000	1680420962.000000
1679916099.536279	FLFIrhY53NRMM5Lp	sha1	84D56BF8098BD307B766D8E1EBAD6596AA6B6761	F5CDD53C0850F96A4F3AB797DA5683E669D268F7	3D202AD77DD2C09059407C98	good	-	-	1679899230.000000	1680244829.000000
1679916099.679551	FCrong2ApOeTBK7wx2	sha1	48DAC9A0FB2BD32D4FF0DE68D2F567B735F9B3C4	142EB317B75856CBAE500940E61FAF9D8B14C2C6	04A6F37AD337B39AFBFAE6A142488E9E0C32	good	-	-	1679882400.000000	1680487198.000000
1679916099.680360	Fz8wUK2hsnM7emm87a	sha1	48DAC9A0FB2BD32D4FF0DE68D2F567B735F9B3C4	142EB317B75856CBAE500940E61FAF9D8B14C2C6	038E3F2847DED53715C7DBFC36067EE9FF6E	good	-	-	1679716800.000000	1680321598.000000
1679916099.696441	FR7WGX3DvMnWOuXos8	sha1	84D56BF8098BD307B766D8E1EBAD6596AA6B6761	F5CDD53C0850F96A4F3AB797DA5683E669D268F7	0AE9A46F3EEA0C445308AD59	good	-	-	1679903436.000000	1680249035.000000
1679916100.045646	FRpw1N2do7210Oz4Sa	sha1	6B7064FE6A7443DC2D6D5B79ECACA7AE5C2EC33F	F8EF7FF2CD7867A8DE6F8F248D88F1870302B3EB	67756FA16D5F3F16FFC71714	good	-	-	1679899452.000000	1680245051.000000
1679916100.255701	FwIgVs2ILQGFFg8Zt	sha1	48DAC9A0FB2BD32D4FF0DE68D2F567B735F9B3C4	142EB317B75856CBAE500940E61FAF9D8B14C2C6	03269AAFA6889604FF6437A99B5EB0294F21	good	-	-	1679806800.000000	1680411598.000000
1679916100.271783	Ftn8sfLlIa5GCotT7	sha1	48DAC9A0FB2BD32D4FF0DE68D2F567B735F9B3C4	142EB317B75856CBAE500940E61FAF9D8B14C2C6	03C25E3376D67EE8F297BB689D4D14F9F2CC	good	-	-	1679727600.000000	1680332398.000000
1679916100.561310	FK8dKH3NiugmNqhZQg	sha1	48DAC9A0FB2BD32D4FF0DE68D2F567B735F9B3C4	142EB317B75856CBAE500940E61FAF9D8B14C2C6	030CDF566CA1BC3C88DB68B530BA7A3801DE	good	-	-	1679886000.000000	1680490798.000000
1679916100.885936	FAF17F4lG8jvjp497k	sha1	B6080D5F6C6B76EB13E438A5F8660BA85233344E	40C2BD278ECC348330A233D7FB6CB3F0B42C80CE	02C2869E689C560B	good	-	-	1679853053.000000	1679982653.000000
1679916101.190124	FOGkbO2dsauFfl8rz9	sha1	48DAC9A0FB2BD32D4FF0DE68D2F567B735F9B3C4	142EB317B75856CBAE500940E61FAF9D8B14C2C6	038D3C968425C98E292EAA68EA75E7198C9A	good	-	-	1679886000.000000	1680490798.000000
1679916101.874152	Fpbc8b1TKt5Iie5Rvj	sha1	48DAC9A0FB2BD32D4FF0DE68D2F567B735F9B3C4	142EB317B75856CBAE500940E61FAF9D8B14C2C6	04B2568079A18EF6F7184666843DB06F6AC5	good	-	-	1679882400.000000	1680487198.000000
1679916101.878166	F4eFls4cLeDujBzVvb	sha1	6B7064FE6A7443DC2D6D5B79ECACA7AE5C2EC33F	F8EF7FF2CD7867A8DE6F8F248D88F1870302B3EB	7720462B8B1A90EA4E93D3A2	good	-	-	1679900382.000000	1680245981.000000
1679916102.025972	FiHNpu2fN2vHOoegHa	sha1	8F7702DC0E21D05E555FA7C877EE1AE931EAD382	4FCBACA8C2EFABDD836F6BBFCE983D5C58257615	5BE1BD2C64625ED6DF61065F	good	-	-	1679891647.000000	1680237246.000000
1679916102.373555	FnU4Hv114UVAVa2dYd	sha1	48DAC9A0FB2BD32D4FF0DE68D2F567B735F9B3C4	142EB317B75856CBAE500940E61FAF9D8B14C2C6	035AE7B011765A324099AF3BB5BF34577FBB	good	-	-	1679763600.000000	1680368398.000000
1679916102.421732	Fjq3uP29jDjXigVNFj	sha1	A17551059D2110D201B9081B73338F1C3CC7BD5F	81B80E638A891218E5FA3B3B50959FE6E5901385	024BDE86E70EF9CAA0E506CF9902A671	good	-	-	1679892302.000000	1680494402.000000
1679916103.079260	FHMzOD3QOuNab8Gzo5	sha1	B6080D5F6C6B76EB13E438A5F8660BA85233344E	40C2BD278ECC348330A233D7FB6CB3F0B42C80CE	990759506D6F23ED	good	-	-	1679850253.000000	1679979853.000000
1679916103.601929	FlkD7f1EBEo6Ic1iNc	sha1	84D56BF8098BD307B766D8E1EBAD6596AA6B6761	F5CDD53C0850F96A4F3AB797DA5683E669D268F7	3C685889758EFD5C667114F5	good	-	-	1679894956.000000	1680240555.000000
1679916103.663177	F4d3o41hQ2MuavzUz4	sha1	48DAC9A0FB2BD32D4FF0DE68D2F567B735F9B3C4	142EB317B75856CBAE500940E61FAF9D8B14C2C6	049989B567C181F50E6485DE101E10801FD0	good	-	-	1679727600.000000	1680332398.000000
1679916104.945332	Fz4XQz1FC1mO01b3jk	sha1	B6080D5F6C6B76EB13E438A5F8660BA85233344E	40C2BD278ECC348330A233D7FB6CB3F0B42C80CE	02C2869E689C560B	good	-	-	1679853053.000000	1679982653.000000
1679916105.762993	Fffc8r1oTnVaizEYof	sha1	B6080D5F6C6B76EB13E438A5F8660BA85233344E	40C2BD278ECC348330A233D7FB6CB3F0B42C80CE	145964E1364C8AAF	good	-	-	1679851075.000000	1679980675.000000
1679916107.174114	FT6ol121J4HlAdMIq1	sha1	E4E395A229D3D4C1C31FF0980C0B4EC0098AABD8	B76BA2EAA8AA848C79EAB4DA0F98B2C59576B9F4	0125105DD072D174B4A3C30383E92C8E	good	-	-	1679885822.000000	1680487922.000000
1679916108.768096	FHDtUb4xRkhL6c28fc	sha1	21F3459A10CAA6C84BDA1E3962B127D5338A7C48	17D9D6252767F931C24943D93036448C6CA94FEB	5625F87184442784C2C89A7037DA9779	good	-	-	1679671185.000000	1680275984.000000
1679916112.722226	F9coA4TzqnM6ClJwh	sha1	F566AB705743B529C622D2077370590733EB80AC	254581685026383D3B2D2CBECD6AD9B63DB36663	B13AE6EA3175DF91	good	-	-	1679847430.000000	1679977030.000000
1679916112.722314	Fd1v9u1GuLdHxMkgLh	sha1	F566AB705743B529C622D2077370590733EB80AC	254581685026383D3B2D2CBECD6AD9B63DB36663	B13AE6EA3175DF91	good	-	-	1679847430.000000	1679977030.000000
1679916113.588538	F9gxfq4vWPu8eA1Ry8	sha1	48DAC9A0FB2BD32D4FF0DE68D2F567B735F9B3C4	142EB317B75856CBAE500940E61FAF9D8B14C2C6	041E757E5E023C8370910497F0B9E52FFCA5	good	-	-	1679889600.000000	1680494398.000000
1679916114.800246	FOQqOG9aaPRC7HBki	sha1	48DAC9A0FB2BD32D4FF0DE68D2F567B735F9B3C4	142EB317B75856CBAE500940E61FAF9D8B14C2C6	03B530A46800E1C0043DBCC5B06ADE1FC08E	good	-	-	1679896800.000000	1680501598.000000
1679916115.028010	FToiNC3K1OEzRuxIk3	sha1	B6080D5F6C6B76EB13E438A5F8660BA85233344E	40C2BD278ECC348330A233D7FB6CB3F0B42C80CE	3927B1D6B174E5E7	good	-	-	1679848240.000000	1679977840.000000
1679916115.853284	FruHMm1tJGpwRyydh4	sha1	3A1979741DCF77D3D6572B57CAFFF6F62B1D5A3A	EE9A2E46F0C2DA3C5CC78CD6A47598DEA8190A65	0C673E377885E4052335497A28F97F50	good	-	-	1679864222.000000	1680466322.000000
1679916116.624499	Fqw8n23qmB4wVxmQmb	sha1	48DAC9A0FB2BD32D4FF0DE68D2F567B735F9B3C4	142EB317B75856CBAE500940E61FAF9D8B14C2C6	03D8FF54A25A9DEF416FECF1BA1AF8BEB710	good	-	-	1679742000.000000	1680346798.000000
1679916116.648703	FiBhSx1LQfA1DPnrek	sha1	48DAC9A0FB2BD32D4FF0DE68D2F567B735F9B3C4	142EB317B75856CBAE500940E61FAF9D8B14C2C6	03D8FF54A25A9DEF416FECF1BA1AF8BEB710	good	-	-	1679742000.000000	1680346798.000000
1679916116.735000	FJZOh42R0ZrYfI2t26	sha1	48DAC9A0FB2BD32D4FF0DE68D2F567B735F9B3C4	142EB317B75856CBAE500940E61FAF9D8B14C2C6	03D8FF54A25A9DEF416FECF1BA1AF8BEB710	good	-	-	1679742000.000000	1680346798.000000
1679916116.765401	FCLjgd4QT4HCbAqhc1	sha1	48DAC9A0FB2BD32D4FF0DE68D2F567B735F9B3C4	142EB317B75856CBAE500940E61FAF9D8B14C2C6	03D8FF54A25A9DEF416FECF1BA1AF8BEB710	good	-	-	1679742000.000000	1680346798.000000
1679916116.828515	FaU7842V166xFDkJMj	sha1	48DAC9A0FB2BD32D4FF0DE68D2F567B735F9B3C4	142EB317B75856CBAE500940E61FAF9D8B14C2C6	03D8FF54A25A9DEF416FECF1BA1AF8BEB710	good	-	-	1679742000.000000	1680346798.000000
1679916118.637134	FBk7LT3GWs2MHVWgQc	sha1	8F7702DC0E21D05E555FA7C877EE1AE931EAD382	4FCBACA8C2EFABDD836F6BBFCE983D5C58257615	19FD6688ED1A06653C4A67A4	good	-	-	1679899529.000000	1680245128.000000
1679916120.669440	F5rE4N2nEOckJqjMA2	sha1	48DAC9A0FB2BD32D4FF0DE68D2F567B735F9B3C4	142EB317B75856CBAE500940E61FAF9D8B14C2C6	040D3872C780B8345A98175621C1A91EAF23	good	-	-	1679882400.000000	1680487198.000000
1679916126.530875	F47iVA2tQUd3YJrNIi	sha1	8F7702DC0E21D05E555FA7C877EE1AE931EAD382	4FCBACA8C2EFABDD836F6BBFCE983D5C58257615	670055C1E9B406DE8BA8FCEE	good	-	-	1679896923.000000	1680242522.000000
1679916137.834791	FOtH1d2tcoHArcur3	sha1	6B7064FE6A7443DC2D6D5B79ECACA7AE5C2EC33F	F8EF7FF2CD7867A8DE6F8F248D88F1870302B3EB	69A94F65C40AA12BEC7D5970	good	-	-	1679889466.000000	1680235065.000000
1679916140.304682	FkKrPz4jvBRmcYQkE3	sha1	6B7064FE6A7443DC2D6D5B79ECACA7AE5C2EC33F	F8EF7FF2CD7867A8DE6F8F248D88F1870302B3EB	426DC0511095FF0B252A16C8	good	-	-	1679896606.000000	1680242205.000000
1679916140.304698	FZd2gT2smaIlGjXy1	sha1	6B7064FE6A7443DC2D6D5B79ECACA7AE5C2EC33F	F8EF7FF2CD7867A8DE6F8F248D88F1870302B3EB	426DC0511095FF0B252A16C8	good	-	-	1679896606.000000	1680242205.000000
1679916140.309144	FEJdOg3y2Nmk8zLWDi	sha1	6B7064FE6A7443DC2D6D5B79ECACA7AE5C2EC33F	F8EF7FF2CD7867A8DE6F8F248D88F1870302B3EB	426DC0511095FF0B252A16C8	good	-	-	1679896606.000000	1680242205.000000
1679916155.186325	F9KRn412yCXdJyjq0l	sha1	A17551059D2110D201B9081B73338F1C3CC7BD5F	81B80E638A891218E5FA3B3B50959FE6E5901385	07F1D13508F0AF899891345C31A4E965	good	-	-	1679838662.000000	1680440762.000000
1679916176.992050	FWBZsJ1RhxY2PbNa7j	sha1	33F5AAC61D66E7055D03173A4D1F3E187138850D	59A4660652A07B95923CA394072796745BF93DD0	054BD6032BFE3944DA0E1D3AB8FACCD8	good	-	-	1679823182.000000	1680425282.000000
1679916177.008830	F4Z6Z2iVR1w0pN6Uf	sha1	33F5AAC61D66E7055D03173A4D1F3E187138850D	59A4660652A07B95923CA394072796745BF93DD0	054BD6032BFE3944DA0E1D3AB8FACCD8	good	-	-	1679823182.000000	1680425282.000000
1679916188.599189	FlIQaycAFC87rJiie	sha1	48DAC9A0FB2BD32D4FF0DE68D2F567B735F9B3C4	142EB317B75856CBAE500940E61FAF9D8B14C2C6	039A524A856784BD33470560BA9815127847	good	-	-	1679871600.000000	1680476398.000000
1679916188.842679	FbCIzg4swTjZSxLccl	sha1	B9637A21B0602B5F790A8E22BF731357C5301394	8868D91F11C40E1F9B89E0A042775FC3798EC36E	018D9E24CAFAF534E1C27E385F6C585B	good	-	-	1679900400.000000	1679943600.000000
1679916193.289905	FoZxwagdaJpOrbbk7	sha1	C72E798ADDFF6134B3BAED4742B8BBC6C0240763	8A747FAF85CDEE95CD3D9CD0E24614F371351D27	C7A69F976BBB01010A28164340BAA8F8	good	-	-	1679817024.000000	1680418223.000000
1679916209.994073	FhPTauPRcGl4yvDG2	sha1	C72E798ADDFF6134B3BAED4742B8BBC6C0240763	8A747FAF85CDEE95CD3D9CD0E24614F371351D27	D4BA379ECF29E4D012559E26C147C476	good	-	-	1679825880.000000	1680427079.000000
1679916210.052250	F0q5Tm3oqCo0pFBZZ8	sha1	C72E798ADDFF6134B3BAED4742B8BBC6C0240763	8A747FAF85CDEE95CD3D9CD0E24614F371351D27	D4BA379ECF29E4D012559E26C147C476	good	-	-	1679825880.000000	1680427079.000000
#close	2023-04-10-09-33-04
